WARNING: Using incubator modules: jdk.incubator.vector
20/05/2025 01:06:18.596 - [INFO] - Could not locate config.properties, will use default values
20/05/2025 01:06:18.597 - [INFO] - +---------------------------------+
20/05/2025 01:06:18.597 - [INFO] - | JoularJX Agent Version 3.0.1    |
20/05/2025 01:06:18.597 - [INFO] - +---------------------------------+
20/05/2025 01:06:18.605 - [INFO] - Results will be stored in joularjx-result/70737-1747695978604/
20/05/2025 01:06:18.610 - [INFO] - Initializing for platform: 'linux' running on architecture: 'amd64'
20/05/2025 01:06:18.616 - [INFO] - Please wait while initializing JoularJX...
20/05/2025 01:06:19.627 - [INFO] - Initialization finished
20/05/2025 01:06:19.627 - [INFO] - Started monitoring application with ID 70737
Benchmarking dataset: COMMONCRAWL_2025. Current queryset: TRECMILLION. Using integer compression algorithm: FASTPFOR And using term compression algorithm: LZ4
Index directory and all files deleted.
WARNING: A restricted method in java.lang.foreign.Linker has been called
WARNING: java.lang.foreign.Linker::downcallHandle has been called by the unnamed module
WARNING: Use --enable-native-access=ALL-UNNAMED to avoid a warning for this module

May 20, 2025 1:06:19 AM org.apache.lucene.internal.vectorization.PanamaVectorizationProvider <init>
INFO: Java vector incubator API enabled; uses preferredBitSize=512; FMA enabled
Processing: CC-MAIN-20250126135402-20250126165402-00039.warc.wet (272.55 MB)
20/05/2025 01:06:27.988 - [INFO] - Thread CPU time negative, taking previous time + 1 : 1493297783 for thread: 43
Cumulative: 0.27/10.00 GB
Processing: CC-MAIN-20250126135402-20250126165402-00029.warc.wet (269.84 MB)
20/05/2025 01:06:36.341 - [INFO] - Thread CPU time negative, taking previous time + 1 : 1563860466 for thread: 45
20/05/2025 01:06:40.519 - [INFO] - Thread CPU time negative, taking previous time + 1 : 1270386323 for thread: 46
Cumulative: 0.53/10.00 GB
Processing: CC-MAIN-20250126135402-20250126165402-00034.warc.wet (275.63 MB)
20/05/2025 01:06:44.696 - [INFO] - Thread CPU time negative, taking previous time + 1 : 953215779 for thread: 47
20/05/2025 01:06:48.870 - [INFO] - Thread CPU time negative, taking previous time + 1 : 374795700 for thread: 48
Cumulative: 0.80/10.00 GB
Processing: CC-MAIN-20250126135402-20250126165402-00001.warc.wet (277.35 MB)
20/05/2025 01:06:53.038 - [INFO] - Thread CPU time negative, taking previous time + 1 : 448787820 for thread: 49
20/05/2025 01:06:57.209 - [INFO] - Thread CPU time negative, taking previous time + 1 : 656994593 for thread: 50
20/05/2025 01:07:01.382 - [INFO] - Thread CPU time negative, taking previous time + 1 : 759907127 for thread: 51
Cumulative: 1.07/10.00 GB
Processing: CC-MAIN-20250126135402-20250126165402-00040.warc.wet (279.27 MB)
20/05/2025 01:07:05.551 - [INFO] - Thread CPU time negative, taking previous time + 1 : 807293897 for thread: 52
20/05/2025 01:07:09.718 - [INFO] - Thread CPU time negative, taking previous time + 1 : 904425156 for thread: 53
Cumulative: 1.34/10.00 GB
Processing: CC-MAIN-20250126135402-20250126165402-00061.warc.wet (274.73 MB)
20/05/2025 01:07:13.881 - [INFO] - Thread CPU time negative, taking previous time + 1 : 1334316351 for thread: 54
20/05/2025 01:07:17.005 - [INFO] - Thread CPU time negative, taking previous time + 1 : 774527730 for thread: 55
Cumulative: 1.61/10.00 GB
Processing: CC-MAIN-20250126135402-20250126165402-00011.warc.wet (265.71 MB)
20/05/2025 01:07:25.365 - [INFO] - Thread CPU time negative, taking previous time + 1 : 1236216236 for thread: 57
20/05/2025 01:07:28.511 - [INFO] - Thread CPU time negative, taking previous time + 1 : 550238089 for thread: 58
20/05/2025 01:07:30.615 - [INFO] - Thread CPU time negative, taking previous time + 1 : 10597239862 for thread: 56
20/05/2025 01:07:31.660 - [INFO] - Thread CPU time negative, taking previous time + 1 : 367833456 for thread: 59
Cumulative: 1.87/10.00 GB
Processing: CC-MAIN-20250126135402-20250126165402-00062.warc.wet (280.73 MB)
20/05/2025 01:07:35.828 - [INFO] - Thread CPU time negative, taking previous time + 1 : 841089088 for thread: 60
20/05/2025 01:07:39.999 - [INFO] - Thread CPU time negative, taking previous time + 1 : 1317019999 for thread: 61
Cumulative: 2.14/10.00 GB
Processing: CC-MAIN-20250126135402-20250126165402-00010.warc.wet (273.96 MB)
20/05/2025 01:07:43.126 - [INFO] - Thread CPU time negative, taking previous time + 1 : 656422321 for thread: 62
20/05/2025 01:07:47.293 - [INFO] - Thread CPU time negative, taking previous time + 1 : 1079967322 for thread: 63
20/05/2025 01:07:51.463 - [INFO] - Thread CPU time negative, taking previous time + 1 : 1176882915 for thread: 64
Cumulative: 2.41/10.00 GB
Processing: CC-MAIN-20250126135402-20250126165402-00064.warc.wet (281.21 MB)
20/05/2025 01:07:54.589 - [INFO] - Thread CPU time negative, taking previous time + 1 : 590877440 for thread: 65
20/05/2025 01:08:02.941 - [INFO] - Thread CPU time negative, taking previous time + 1 : 1353554889 for thread: 67
Cumulative: 2.69/10.00 GB
Processing: CC-MAIN-20250126135402-20250126165402-00026.warc.wet (282.85 MB)
20/05/2025 01:08:06.077 - [INFO] - Thread CPU time negative, taking previous time + 1 : 612982488 for thread: 68
20/05/2025 01:08:08.171 - [INFO] - Thread CPU time negative, taking previous time + 1 : 10736614056 for thread: 66
20/05/2025 01:08:13.366 - [INFO] - Thread CPU time negative, taking previous time + 1 : 356301918 for thread: 70
Cumulative: 2.96/10.00 GB
Processing: CC-MAIN-20250126135402-20250126165402-00015.warc.wet (264.88 MB)
20/05/2025 01:08:17.527 - [INFO] - Thread CPU time negative, taking previous time + 1 : 763808200 for thread: 71
20/05/2025 01:08:21.697 - [INFO] - Thread CPU time negative, taking previous time + 1 : 1217437808 for thread: 72
Cumulative: 3.22/10.00 GB
Processing: CC-MAIN-20250126135402-20250126165402-00006.warc.wet (271.73 MB)
20/05/2025 01:08:24.824 - [INFO] - Thread CPU time negative, taking previous time + 1 : 612334300 for thread: 73
20/05/2025 01:08:28.993 - [INFO] - Thread CPU time negative, taking previous time + 1 : 1097535883 for thread: 74
20/05/2025 01:08:32.119 - [INFO] - Thread CPU time negative, taking previous time + 1 : 517245581 for thread: 75
Cumulative: 3.49/10.00 GB
Processing: CC-MAIN-20250126135402-20250126165402-00017.warc.wet (271.90 MB)
20/05/2025 01:08:36.275 - [INFO] - Thread CPU time negative, taking previous time + 1 : 1021779357 for thread: 76
Cumulative: 3.75/10.00 GB
Processing: CC-MAIN-20250126135402-20250126165402-00041.warc.wet (272.16 MB)
20/05/2025 01:08:47.758 - [INFO] - Thread CPU time negative, taking previous time + 1 : 685785839 for thread: 79
20/05/2025 01:08:49.848 - [INFO] - Thread CPU time negative, taking previous time + 1 : 10774047986 for thread: 77
20/05/2025 01:08:50.892 - [INFO] - Thread CPU time negative, taking previous time + 1 : 414221448 for thread: 80
Cumulative: 4.02/10.00 GB
Processing: CC-MAIN-20250126135402-20250126165402-00020.warc.wet (279.35 MB)
20/05/2025 01:08:55.061 - [INFO] - Thread CPU time negative, taking previous time + 1 : 868101302 for thread: 81
20/05/2025 01:08:59.232 - [INFO] - Thread CPU time negative, taking previous time + 1 : 1314621342 for thread: 82
20/05/2025 01:09:02.358 - [INFO] - Thread CPU time negative, taking previous time + 1 : 363923955 for thread: 83
Cumulative: 4.29/10.00 GB
Processing: CC-MAIN-20250126135402-20250126165402-00052.warc.wet (271.64 MB)
20/05/2025 01:09:06.522 - [INFO] - Thread CPU time negative, taking previous time + 1 : 806726193 for thread: 84
20/05/2025 01:09:10.676 - [INFO] - Thread CPU time negative, taking previous time + 1 : 1208782523 for thread: 85
20/05/2025 01:09:13.788 - [INFO] - Thread CPU time negative, taking previous time + 1 : 627013186 for thread: 86
Cumulative: 4.56/10.00 GB
Processing: CC-MAIN-20250126135402-20250126165402-00028.warc.wet (269.44 MB)
20/05/2025 01:09:17.940 - [INFO] - Thread CPU time negative, taking previous time + 1 : 991621022 for thread: 87
Cumulative: 4.82/10.00 GB
Processing: CC-MAIN-20250126135402-20250126165402-00065.warc.wet (275.91 MB)
20/05/2025 01:09:26.281 - [INFO] - Thread CPU time negative, taking previous time + 1 : 1352909956 for thread: 89
20/05/2025 01:09:29.407 - [INFO] - Thread CPU time negative, taking previous time + 1 : 624136630 for thread: 90
20/05/2025 01:09:31.495 - [INFO] - Thread CPU time negative, taking previous time + 1 : 10782348012 for thread: 88
20/05/2025 01:09:32.537 - [INFO] - Thread CPU time negative, taking previous time + 1 : 386652621 for thread: 91
Cumulative: 5.09/10.00 GB
Processing: CC-MAIN-20250126135402-20250126165402-00054.warc.wet (276.84 MB)
20/05/2025 01:09:36.703 - [INFO] - Thread CPU time negative, taking previous time + 1 : 794294074 for thread: 92
20/05/2025 01:09:40.875 - [INFO] - Thread CPU time negative, taking previous time + 1 : 1272814314 for thread: 93
20/05/2025 01:09:43.998 - [INFO] - Thread CPU time negative, taking previous time + 1 : 627803946 for thread: 94
Cumulative: 5.36/10.00 GB
Processing: CC-MAIN-20250126135402-20250126165402-00066.warc.wet (269.49 MB)
20/05/2025 01:09:48.163 - [INFO] - Thread CPU time negative, taking previous time + 1 : 1053974422 for thread: 95
20/05/2025 01:09:51.291 - [INFO] - Thread CPU time negative, taking previous time + 1 : 497299915 for thread: 96
Cumulative: 5.62/10.00 GB
Processing: CC-MAIN-20250126135402-20250126165402-00044.warc.wet (269.25 MB)
20/05/2025 01:09:55.462 - [INFO] - Thread CPU time negative, taking previous time + 1 : 943607860 for thread: 97
20/05/2025 01:09:59.621 - [INFO] - Thread CPU time negative, taking previous time + 1 : 1011607400 for thread: 98
Cumulative: 5.89/10.00 GB
Processing: CC-MAIN-20250126135402-20250126165402-00036.warc.wet (275.01 MB)
20/05/2025 01:10:06.912 - [INFO] - Thread CPU time negative, taking previous time + 1 : 406395123 for thread: 100
20/05/2025 01:10:11.093 - [INFO] - Thread CPU time negative, taking previous time + 1 : 682138144 for thread: 101
20/05/2025 01:10:13.289 - [INFO] - Thread CPU time negative, taking previous time + 1 : 10624711924 for thread: 99
Cumulative: 6.15/10.00 GB
Processing: CC-MAIN-20250126135402-20250126165402-00057.warc.wet (279.83 MB)
20/05/2025 01:10:15.372 - [INFO] - Thread CPU time negative, taking previous time + 1 : 1378702663 for thread: 102
20/05/2025 01:10:18.513 - [INFO] - Thread CPU time negative, taking previous time + 1 : 745831610 for thread: 103
20/05/2025 01:10:22.680 - [INFO] - Thread CPU time negative, taking previous time + 1 : 1219659428 for thread: 104
Cumulative: 6.43/10.00 GB
Processing: CC-MAIN-20250126135402-20250126165402-00023.warc.wet (277.97 MB)
20/05/2025 01:10:25.808 - [INFO] - Thread CPU time negative, taking previous time + 1 : 617250427 for thread: 105
20/05/2025 01:10:29.976 - [INFO] - Thread CPU time negative, taking previous time + 1 : 1065487301 for thread: 106
20/05/2025 01:10:33.106 - [INFO] - Thread CPU time negative, taking previous time + 1 : 511335360 for thread: 107
Cumulative: 6.70/10.00 GB
Processing: CC-MAIN-20250126135402-20250126165402-00042.warc.wet (269.42 MB)
20/05/2025 01:10:37.272 - [INFO] - Thread CPU time negative, taking previous time + 1 : 935627049 for thread: 108
20/05/2025 01:10:45.633 - [INFO] - Thread CPU time negative, taking previous time + 1 : 980202210 for thread: 110
Cumulative: 6.96/10.00 GB
Processing: CC-MAIN-20250126135402-20250126165402-00047.warc.wet (271.69 MB)
20/05/2025 01:10:49.802 - [INFO] - Thread CPU time negative, taking previous time + 1 : 1319132723 for thread: 111
20/05/2025 01:10:50.840 - [INFO] - Thread CPU time negative, taking previous time + 1 : 10774006935 for thread: 109
20/05/2025 01:10:52.917 - [INFO] - Thread CPU time negative, taking previous time + 1 : 1029005022 for thread: 112
20/05/2025 01:10:56.049 - [INFO] - Thread CPU time negative, taking previous time + 1 : 440863552 for thread: 113
Cumulative: 7.23/10.00 GB
Processing: CC-MAIN-20250126135402-20250126165402-00059.warc.wet (276.90 MB)
20/05/2025 01:11:00.217 - [INFO] - Thread CPU time negative, taking previous time + 1 : 862876266 for thread: 114
20/05/2025 01:11:04.384 - [INFO] - Thread CPU time negative, taking previous time + 1 : 1353060446 for thread: 115
Cumulative: 7.50/10.00 GB
Processing: CC-MAIN-20250126135402-20250126165402-00031.warc.wet (260.81 MB)
20/05/2025 01:11:07.510 - [INFO] - Thread CPU time negative, taking previous time + 1 : 771771995 for thread: 116
20/05/2025 01:11:11.678 - [INFO] - Thread CPU time negative, taking previous time + 1 : 1273159959 for thread: 117
20/05/2025 01:11:14.805 - [INFO] - Thread CPU time negative, taking previous time + 1 : 729953791 for thread: 118
Cumulative: 7.75/10.00 GB
Processing: CC-MAIN-20250126135402-20250126165402-00050.warc.wet (276.60 MB)
20/05/2025 01:11:18.965 - [INFO] - Thread CPU time negative, taking previous time + 1 : 1134463503 for thread: 119
Cumulative: 8.02/10.00 GB
Processing: CC-MAIN-20250126135402-20250126165402-00016.warc.wet (274.16 MB)
20/05/2025 01:11:26.273 - [INFO] - Thread CPU time negative, taking previous time + 1 : 508711879 for thread: 121
20/05/2025 01:11:30.454 - [INFO] - Thread CPU time negative, taking previous time + 1 : 800491317 for thread: 122
20/05/2025 01:11:32.542 - [INFO] - Thread CPU time negative, taking previous time + 1 : 10927333440 for thread: 120
20/05/2025 01:11:33.597 - [INFO] - Thread CPU time negative, taking previous time + 1 : 549736585 for thread: 123
Cumulative: 8.29/10.00 GB
Processing: CC-MAIN-20250126135402-20250126165402-00022.warc.wet (275.89 MB)
20/05/2025 01:11:37.766 - [INFO] - Thread CPU time negative, taking previous time + 1 : 957355978 for thread: 124
20/05/2025 01:11:41.934 - [INFO] - Thread CPU time negative, taking previous time + 1 : 1014863607 for thread: 125
20/05/2025 01:11:45.062 - [INFO] - Thread CPU time negative, taking previous time + 1 : 436776134 for thread: 126
Cumulative: 8.56/10.00 GB
Processing: CC-MAIN-20250126135402-20250126165402-00024.warc.wet (276.91 MB)
20/05/2025 01:11:49.229 - [INFO] - Thread CPU time negative, taking previous time + 1 : 902371235 for thread: 127
20/05/2025 01:11:53.397 - [INFO] - Thread CPU time negative, taking previous time + 1 : 1361717688 for thread: 128
20/05/2025 01:11:56.523 - [INFO] - Thread CPU time negative, taking previous time + 1 : 760018371 for thread: 129
Cumulative: 8.83/10.00 GB
Processing: CC-MAIN-20250126135402-20250126165402-00000.warc.wet (275.64 MB)
20/05/2025 01:12:00.692 - [INFO] - Thread CPU time negative, taking previous time + 1 : 1259145953 for thread: 130
Cumulative: 9.10/10.00 GB
Processing: CC-MAIN-20250126135402-20250126165402-00060.warc.wet (275.70 MB)
20/05/2025 01:12:08.010 - [INFO] - Thread CPU time negative, taking previous time + 1 : 607062087 for thread: 132
20/05/2025 01:12:12.191 - [INFO] - Thread CPU time negative, taking previous time + 1 : 844700446 for thread: 133
20/05/2025 01:12:14.281 - [INFO] - Thread CPU time negative, taking previous time + 1 : 11039592752 for thread: 131
20/05/2025 01:12:15.325 - [INFO] - Thread CPU time negative, taking previous time + 1 : 563304916 for thread: 134
Cumulative: 9.37/10.00 GB
Processing: CC-MAIN-20250126135402-20250126165402-00048.warc.wet (275.59 MB)
20/05/2025 01:12:19.495 - [INFO] - Thread CPU time negative, taking previous time + 1 : 978239738 for thread: 135
20/05/2025 01:12:22.622 - [INFO] - Thread CPU time negative, taking previous time + 1 : 426696039 for thread: 136
20/05/2025 01:12:26.790 - [INFO] - Thread CPU time negative, taking previous time + 1 : 874941017 for thread: 137
Cumulative: 9.64/10.00 GB
Processing: CC-MAIN-20250126135402-20250126165402-00008.warc.wet (276.63 MB)
20/05/2025 01:12:30.949 - [INFO] - Thread CPU time negative, taking previous time + 1 : 1341208126 for thread: 138
20/05/2025 01:12:34.060 - [INFO] - Thread CPU time negative, taking previous time + 1 : 372957635 for thread: 139
Cumulative: 9.91/10.00 GB
Next file would exceed limit, but processing it anyway...
Processing: CC-MAIN-20250126135402-20250126165402-00021.warc.wet (279.38 MB)
20/05/2025 01:12:38.218 - [INFO] - Thread CPU time negative, taking previous time + 1 : 1159255269 for thread: 140
20/05/2025 01:12:46.549 - [INFO] - Thread CPU time negative, taking previous time + 1 : 1183396665 for thread: 142
Cumulative: 10.18/10.00 GB
20/05/2025 01:12:49.675 - [INFO] - Thread CPU time negative, taking previous time + 1 : 444479282 for thread: 143
Indexing completed for 38 files (10.18 GB input) in 391829 ms.
Final size: 10.18 GB (0.18 GB over limit)
Benchmark for dataset: CommonCrawl-2025-05
Indexing Time In MS: 391829
Index Size In MB: 3528
0 SHORT
0 INT
20/05/2025 01:12:51.769 - [INFO] - Thread CPU time negative, taking previous time + 1 : 384275487760 for thread: 1
20/05/2025 01:12:51.769 - [INFO] - Thread CPU time negative, taking previous time + 1 : 10888054518 for thread: 141
20/05/2025 01:12:51.781 - [INFO] - JoularJX finished monitoring application with ID 70737
20/05/2025 01:12:51.782 - [INFO] - Program consumed 66794.06 joules
20/05/2025 01:12:51.798 - [INFO] - Energy consumption of methods and filtered methods written to files
