WARNING: Using incubator modules: jdk.incubator.vector
20/05/2025 12:46:20.421 - [INFO] - Could not locate config.properties, will use default values
20/05/2025 12:46:20.422 - [INFO] - +---------------------------------+
20/05/2025 12:46:20.422 - [INFO] - | JoularJX Agent Version 3.0.1    |
20/05/2025 12:46:20.422 - [INFO] - +---------------------------------+
20/05/2025 12:46:20.429 - [INFO] - Results will be stored in joularjx-result/70135-1747694780428/
20/05/2025 12:46:20.434 - [INFO] - Initializing for platform: 'linux' running on architecture: 'amd64'
20/05/2025 12:46:20.440 - [INFO] - Please wait while initializing JoularJX...
20/05/2025 12:46:21.449 - [INFO] - Initialization finished
20/05/2025 12:46:21.450 - [INFO] - Started monitoring application with ID 70135
Benchmarking dataset: COMMONCRAWL_2025. Current queryset: TRECMILLION. Using integer compression algorithm: FOR And using term compression algorithm: LZ4
Index directory and all files deleted.
WARNING: A restricted method in java.lang.foreign.Linker has been called
WARNING: java.lang.foreign.Linker::downcallHandle has been called by the unnamed module
WARNING: Use --enable-native-access=ALL-UNNAMED to avoid a warning for this module

May 20, 2025 12:46:21 AM org.apache.lucene.internal.vectorization.PanamaVectorizationProvider <init>
INFO: Java vector incubator API enabled; uses preferredBitSize=512; FMA enabled
Processing: CC-MAIN-20250126135402-20250126165402-00039.warc.wet (272.55 MB)
20/05/2025 12:46:28.773 - [INFO] - Thread CPU time negative, taking previous time + 1 : 428691646 for thread: 43
Cumulative: 0.27/10.00 GB
Processing: CC-MAIN-20250126135402-20250126165402-00029.warc.wet (269.84 MB)
20/05/2025 12:46:32.932 - [INFO] - Thread CPU time negative, taking previous time + 1 : 348522764 for thread: 44
20/05/2025 12:46:37.108 - [INFO] - Thread CPU time negative, taking previous time + 1 : 591383563 for thread: 45
20/05/2025 12:46:41.284 - [INFO] - Thread CPU time negative, taking previous time + 1 : 342189459 for thread: 46
Cumulative: 0.53/10.00 GB
Processing: CC-MAIN-20250126135402-20250126165402-00034.warc.wet (275.63 MB)
20/05/2025 12:46:46.499 - [INFO] - Thread CPU time negative, taking previous time + 1 : 1134714456 for thread: 47
20/05/2025 12:46:50.673 - [INFO] - Thread CPU time negative, taking previous time + 1 : 568975022 for thread: 48
Cumulative: 0.80/10.00 GB
Processing: CC-MAIN-20250126135402-20250126165402-00001.warc.wet (277.35 MB)
20/05/2025 12:46:54.845 - [INFO] - Thread CPU time negative, taking previous time + 1 : 369034208 for thread: 49
20/05/2025 12:46:59.014 - [INFO] - Thread CPU time negative, taking previous time + 1 : 583462912 for thread: 50
20/05/2025 12:47:03.182 - [INFO] - Thread CPU time negative, taking previous time + 1 : 1071118139 for thread: 51
Cumulative: 1.07/10.00 GB
Processing: CC-MAIN-20250126135402-20250126165402-00040.warc.wet (279.27 MB)
20/05/2025 12:47:06.311 - [INFO] - Thread CPU time negative, taking previous time + 1 : 496682515 for thread: 52
20/05/2025 12:47:10.480 - [INFO] - Thread CPU time negative, taking previous time + 1 : 578258248 for thread: 53
Cumulative: 1.34/10.00 GB
Processing: CC-MAIN-20250126135402-20250126165402-00061.warc.wet (274.73 MB)
20/05/2025 12:47:14.649 - [INFO] - Thread CPU time negative, taking previous time + 1 : 603637091 for thread: 54
20/05/2025 12:47:18.819 - [INFO] - Thread CPU time negative, taking previous time + 1 : 668781406 for thread: 55
Cumulative: 1.61/10.00 GB
Processing: CC-MAIN-20250126135402-20250126165402-00011.warc.wet (265.71 MB)
20/05/2025 12:47:27.175 - [INFO] - Thread CPU time negative, taking previous time + 1 : 1132431940 for thread: 57
20/05/2025 12:47:29.265 - [INFO] - Thread CPU time negative, taking previous time + 1 : 7389453228 for thread: 56
20/05/2025 12:47:30.312 - [INFO] - Thread CPU time negative, taking previous time + 1 : 457088180 for thread: 58
20/05/2025 12:47:33.435 - [INFO] - Thread CPU time negative, taking previous time + 1 : 390332301 for thread: 59
Cumulative: 1.87/10.00 GB
Processing: CC-MAIN-20250126135402-20250126165402-00062.warc.wet (280.73 MB)
20/05/2025 12:47:37.605 - [INFO] - Thread CPU time negative, taking previous time + 1 : 905108928 for thread: 60
20/05/2025 12:47:40.726 - [INFO] - Thread CPU time negative, taking previous time + 1 : 366133331 for thread: 61
Cumulative: 2.14/10.00 GB
Processing: CC-MAIN-20250126135402-20250126165402-00010.warc.wet (273.96 MB)
20/05/2025 12:47:44.890 - [INFO] - Thread CPU time negative, taking previous time + 1 : 744770894 for thread: 62
20/05/2025 12:47:49.057 - [INFO] - Thread CPU time negative, taking previous time + 1 : 800378853 for thread: 63
20/05/2025 12:47:52.184 - [INFO] - Thread CPU time negative, taking previous time + 1 : 280436337 for thread: 64
Cumulative: 2.41/10.00 GB
Processing: CC-MAIN-20250126135402-20250126165402-00064.warc.wet (281.21 MB)
20/05/2025 12:47:56.346 - [INFO] - Thread CPU time negative, taking previous time + 1 : 1118629630 for thread: 65
20/05/2025 12:48:03.644 - [INFO] - Thread CPU time negative, taking previous time + 1 : 548623937 for thread: 67
Cumulative: 2.69/10.00 GB
Processing: CC-MAIN-20250126135402-20250126165402-00026.warc.wet (282.85 MB)
20/05/2025 12:48:06.769 - [INFO] - Thread CPU time negative, taking previous time + 1 : 7823302616 for thread: 66
20/05/2025 12:48:07.809 - [INFO] - Thread CPU time negative, taking previous time + 1 : 894290387 for thread: 68
20/05/2025 12:48:10.934 - [INFO] - Thread CPU time negative, taking previous time + 1 : 367131930 for thread: 69
Cumulative: 2.96/10.00 GB
Processing: CC-MAIN-20250126135402-20250126165402-00015.warc.wet (264.88 MB)
20/05/2025 12:48:15.092 - [INFO] - Thread CPU time negative, taking previous time + 1 : 820290165 for thread: 70
20/05/2025 12:48:18.209 - [INFO] - Thread CPU time negative, taking previous time + 1 : 260989511 for thread: 71
20/05/2025 12:48:22.356 - [INFO] - Thread CPU time negative, taking previous time + 1 : 735254301 for thread: 72
Cumulative: 3.22/10.00 GB
Processing: CC-MAIN-20250126135402-20250126165402-00006.warc.wet (271.73 MB)
20/05/2025 12:48:25.474 - [INFO] - Thread CPU time negative, taking previous time + 1 : 172216397 for thread: 73
20/05/2025 12:48:29.624 - [INFO] - Thread CPU time negative, taking previous time + 1 : 699572947 for thread: 74
20/05/2025 12:48:32.743 - [INFO] - Thread CPU time negative, taking previous time + 1 : 128866198 for thread: 75
Cumulative: 3.49/10.00 GB
Processing: CC-MAIN-20250126135402-20250126165402-00017.warc.wet (271.90 MB)
20/05/2025 12:48:36.909 - [INFO] - Thread CPU time negative, taking previous time + 1 : 656415695 for thread: 76
Cumulative: 3.75/10.00 GB
Processing: CC-MAIN-20250126135402-20250126165402-00041.warc.wet (272.16 MB)
20/05/2025 12:48:45.259 - [INFO] - Thread CPU time negative, taking previous time + 1 : 1076639906 for thread: 78
20/05/2025 12:48:47.346 - [INFO] - Thread CPU time negative, taking previous time + 1 : 7339550950 for thread: 77
20/05/2025 12:48:48.384 - [INFO] - Thread CPU time negative, taking previous time + 1 : 411247320 for thread: 79
20/05/2025 12:48:51.504 - [INFO] - Thread CPU time negative, taking previous time + 1 : 296908399 for thread: 80
Cumulative: 4.02/10.00 GB
Processing: CC-MAIN-20250126135402-20250126165402-00020.warc.wet (279.35 MB)
20/05/2025 12:48:55.673 - [INFO] - Thread CPU time negative, taking previous time + 1 : 774493504 for thread: 81
20/05/2025 12:48:58.799 - [INFO] - Thread CPU time negative, taking previous time + 1 : 250906156 for thread: 82
20/05/2025 12:49:02.963 - [INFO] - Thread CPU time negative, taking previous time + 1 : 361387979 for thread: 83
Cumulative: 4.29/10.00 GB
Processing: CC-MAIN-20250126135402-20250126165402-00052.warc.wet (271.64 MB)
20/05/2025 12:49:07.133 - [INFO] - Thread CPU time negative, taking previous time + 1 : 854284376 for thread: 84
20/05/2025 12:49:10.260 - [INFO] - Thread CPU time negative, taking previous time + 1 : 274514864 for thread: 85
20/05/2025 12:49:14.428 - [INFO] - Thread CPU time negative, taking previous time + 1 : 753531261 for thread: 86
Cumulative: 4.56/10.00 GB
Processing: CC-MAIN-20250126135402-20250126165402-00028.warc.wet (269.44 MB)
20/05/2025 12:49:17.553 - [INFO] - Thread CPU time negative, taking previous time + 1 : 173214073 for thread: 87
Cumulative: 4.82/10.00 GB
Processing: CC-MAIN-20250126135402-20250126165402-00065.warc.wet (275.91 MB)
20/05/2025 12:49:25.903 - [INFO] - Thread CPU time negative, taking previous time + 1 : 644158611 for thread: 89
20/05/2025 12:49:29.025 - [INFO] - Thread CPU time negative, taking previous time + 1 : 7939054901 for thread: 88
20/05/2025 12:49:30.065 - [INFO] - Thread CPU time negative, taking previous time + 1 : 981313276 for thread: 90
20/05/2025 12:49:33.194 - [INFO] - Thread CPU time negative, taking previous time + 1 : 885946243 for thread: 91
Cumulative: 5.09/10.00 GB
Processing: CC-MAIN-20250126135402-20250126165402-00054.warc.wet (276.84 MB)
20/05/2025 12:49:36.318 - [INFO] - Thread CPU time negative, taking previous time + 1 : 287662686 for thread: 92
20/05/2025 12:49:40.464 - [INFO] - Thread CPU time negative, taking previous time + 1 : 778668594 for thread: 93
20/05/2025 12:49:44.613 - [INFO] - Thread CPU time negative, taking previous time + 1 : 783367236 for thread: 94
Cumulative: 5.36/10.00 GB
Processing: CC-MAIN-20250126135402-20250126165402-00066.warc.wet (269.49 MB)
20/05/2025 12:49:47.729 - [INFO] - Thread CPU time negative, taking previous time + 1 : 210610609 for thread: 95
20/05/2025 12:49:51.898 - [INFO] - Thread CPU time negative, taking previous time + 1 : 728838343 for thread: 96
Cumulative: 5.62/10.00 GB
Processing: CC-MAIN-20250126135402-20250126165402-00044.warc.wet (269.25 MB)
20/05/2025 12:49:55.014 - [INFO] - Thread CPU time negative, taking previous time + 1 : 168419327 for thread: 97
20/05/2025 12:49:59.177 - [INFO] - Thread CPU time negative, taking previous time + 1 : 693323909 for thread: 98
Cumulative: 5.89/10.00 GB
Processing: CC-MAIN-20250126135402-20250126165402-00036.warc.wet (275.01 MB)
20/05/2025 12:50:06.485 - [INFO] - Thread CPU time negative, taking previous time + 1 : 189318112 for thread: 100
20/05/2025 12:50:09.616 - [INFO] - Thread CPU time negative, taking previous time + 1 : 7428196482 for thread: 99
20/05/2025 12:50:10.657 - [INFO] - Thread CPU time negative, taking previous time + 1 : 487230696 for thread: 101
20/05/2025 12:50:13.783 - [INFO] - Thread CPU time negative, taking previous time + 1 : 365099412 for thread: 102
Cumulative: 6.15/10.00 GB
Processing: CC-MAIN-20250126135402-20250126165402-00057.warc.wet (279.83 MB)
20/05/2025 12:50:17.953 - [INFO] - Thread CPU time negative, taking previous time + 1 : 902937986 for thread: 103
20/05/2025 12:50:21.080 - [INFO] - Thread CPU time negative, taking previous time + 1 : 375008557 for thread: 104
Cumulative: 6.43/10.00 GB
Processing: CC-MAIN-20250126135402-20250126165402-00023.warc.wet (277.97 MB)
20/05/2025 12:50:25.243 - [INFO] - Thread CPU time negative, taking previous time + 1 : 842325169 for thread: 105
20/05/2025 12:50:28.369 - [INFO] - Thread CPU time negative, taking previous time + 1 : 309660841 for thread: 106
20/05/2025 12:50:32.536 - [INFO] - Thread CPU time negative, taking previous time + 1 : 819928118 for thread: 107
Cumulative: 6.70/10.00 GB
Processing: CC-MAIN-20250126135402-20250126165402-00042.warc.wet (269.42 MB)
20/05/2025 12:50:35.662 - [INFO] - Thread CPU time negative, taking previous time + 1 : 250404573 for thread: 108
20/05/2025 12:50:39.829 - [INFO] - Thread CPU time negative, taking previous time + 1 : 471197272 for thread: 109
Cumulative: 6.96/10.00 GB
Processing: CC-MAIN-20250126135402-20250126165402-00047.warc.wet (271.69 MB)
20/05/2025 12:50:48.173 - [INFO] - Thread CPU time negative, taking previous time + 1 : 982903077 for thread: 111
20/05/2025 12:50:50.255 - [INFO] - Thread CPU time negative, taking previous time + 1 : 7138555989 for thread: 110
20/05/2025 12:50:51.298 - [INFO] - Thread CPU time negative, taking previous time + 1 : 319260976 for thread: 112
20/05/2025 12:50:54.421 - [INFO] - Thread CPU time negative, taking previous time + 1 : 161900850 for thread: 113
Cumulative: 7.23/10.00 GB
Processing: CC-MAIN-20250126135402-20250126165402-00059.warc.wet (276.90 MB)
20/05/2025 12:50:58.584 - [INFO] - Thread CPU time negative, taking previous time + 1 : 670001644 for thread: 114
20/05/2025 12:51:01.702 - [INFO] - Thread CPU time negative, taking previous time + 1 : 163657694 for thread: 115
Cumulative: 7.50/10.00 GB
Processing: CC-MAIN-20250126135402-20250126165402-00031.warc.wet (260.81 MB)
20/05/2025 12:51:05.861 - [INFO] - Thread CPU time negative, taking previous time + 1 : 267249220 for thread: 116
20/05/2025 12:51:10.025 - [INFO] - Thread CPU time negative, taking previous time + 1 : 852022134 for thread: 117
20/05/2025 12:51:13.144 - [INFO] - Thread CPU time negative, taking previous time + 1 : 333401025 for thread: 118
Cumulative: 7.75/10.00 GB
Processing: CC-MAIN-20250126135402-20250126165402-00050.warc.wet (276.60 MB)
20/05/2025 12:51:16.272 - [INFO] - Thread CPU time negative, taking previous time + 1 : 195699028 for thread: 119
Cumulative: 8.02/10.00 GB
Processing: CC-MAIN-20250126135402-20250126165402-00016.warc.wet (274.16 MB)
20/05/2025 12:51:24.622 - [INFO] - Thread CPU time negative, taking previous time + 1 : 230450235 for thread: 121
20/05/2025 12:51:27.747 - [INFO] - Thread CPU time negative, taking previous time + 1 : 7943935109 for thread: 120
20/05/2025 12:51:28.787 - [INFO] - Thread CPU time negative, taking previous time + 1 : 992054720 for thread: 122
20/05/2025 12:51:31.910 - [INFO] - Thread CPU time negative, taking previous time + 1 : 496746270 for thread: 123
Cumulative: 8.29/10.00 GB
Processing: CC-MAIN-20250126135402-20250126165402-00022.warc.wet (275.89 MB)
20/05/2025 12:51:36.063 - [INFO] - Thread CPU time negative, taking previous time + 1 : 961654681 for thread: 124
20/05/2025 12:51:39.174 - [INFO] - Thread CPU time negative, taking previous time + 1 : 462217800 for thread: 125
20/05/2025 12:51:43.324 - [INFO] - Thread CPU time negative, taking previous time + 1 : 938586547 for thread: 126
Cumulative: 8.56/10.00 GB
Processing: CC-MAIN-20250126135402-20250126165402-00024.warc.wet (276.91 MB)
20/05/2025 12:51:46.440 - [INFO] - Thread CPU time negative, taking previous time + 1 : 418243262 for thread: 127
20/05/2025 12:51:50.583 - [INFO] - Thread CPU time negative, taking previous time + 1 : 913965647 for thread: 128
20/05/2025 12:51:53.698 - [INFO] - Thread CPU time negative, taking previous time + 1 : 362959506 for thread: 129
Cumulative: 8.83/10.00 GB
Processing: CC-MAIN-20250126135402-20250126165402-00000.warc.wet (275.64 MB)
20/05/2025 12:51:57.845 - [INFO] - Thread CPU time negative, taking previous time + 1 : 904661798 for thread: 130
Cumulative: 9.10/10.00 GB
Processing: CC-MAIN-20250126135402-20250126165402-00060.warc.wet (275.70 MB)
20/05/2025 12:52:06.154 - [INFO] - Thread CPU time negative, taking previous time + 1 : 940246287 for thread: 132
20/05/2025 12:52:08.235 - [INFO] - Thread CPU time negative, taking previous time + 1 : 7594153077 for thread: 131
20/05/2025 12:52:09.275 - [INFO] - Thread CPU time negative, taking previous time + 1 : 627290027 for thread: 133
20/05/2025 12:52:12.392 - [INFO] - Thread CPU time negative, taking previous time + 1 : 130185890 for thread: 134
Cumulative: 9.37/10.00 GB
Processing: CC-MAIN-20250126135402-20250126165402-00048.warc.wet (275.59 MB)
20/05/2025 12:52:16.541 - [INFO] - Thread CPU time negative, taking previous time + 1 : 614574314 for thread: 135
20/05/2025 12:52:20.692 - [INFO] - Thread CPU time negative, taking previous time + 1 : 1133211279 for thread: 136
20/05/2025 12:52:23.805 - [INFO] - Thread CPU time negative, taking previous time + 1 : 559437788 for thread: 137
Cumulative: 9.64/10.00 GB
Processing: CC-MAIN-20250126135402-20250126165402-00008.warc.wet (276.63 MB)
20/05/2025 12:52:27.952 - [INFO] - Thread CPU time negative, taking previous time + 1 : 1086814253 for thread: 138
20/05/2025 12:52:31.067 - [INFO] - Thread CPU time negative, taking previous time + 1 : 563744277 for thread: 139
Cumulative: 9.91/10.00 GB
Next file would exceed limit, but processing it anyway...
Processing: CC-MAIN-20250126135402-20250126165402-00021.warc.wet (279.38 MB)
20/05/2025 12:52:35.215 - [INFO] - Thread CPU time negative, taking previous time + 1 : 1005930422 for thread: 140
20/05/2025 12:52:38.330 - [INFO] - Thread CPU time negative, taking previous time + 1 : 480299974 for thread: 141
Cumulative: 10.18/10.00 GB
20/05/2025 12:52:46.639 - [INFO] - Thread CPU time negative, taking previous time + 1 : 999752100 for thread: 143
20/05/2025 12:52:48.719 - [INFO] - Thread CPU time negative, taking previous time + 1 : 7207580086 for thread: 142
Indexing completed for 38 files (10.18 GB input) in 387301 ms.
Final size: 10.18 GB (0.18 GB over limit)
Benchmark for dataset: CommonCrawl-2025-05
Indexing Time In MS: 387301
Index Size In MB: 3827
0 SHORT
0 INT
20/05/2025 12:52:49.776 - [INFO] - Thread CPU time negative, taking previous time + 1 : 379441648847 for thread: 1
20/05/2025 12:52:49.788 - [INFO] - JoularJX finished monitoring application with ID 70135
20/05/2025 12:52:49.788 - [INFO] - Program consumed 62722.69 joules
20/05/2025 12:52:49.802 - [INFO] - Energy consumption of methods and filtered methods written to files
