WARNING: Using incubator modules: jdk.incubator.vector
20/05/2025 12:39:53.448 - [INFO] - Could not locate config.properties, will use default values
20/05/2025 12:39:53.449 - [INFO] - +---------------------------------+
20/05/2025 12:39:53.449 - [INFO] - | JoularJX Agent Version 3.0.1    |
20/05/2025 12:39:53.449 - [INFO] - +---------------------------------+
20/05/2025 12:39:53.456 - [INFO] - Results will be stored in joularjx-result/69933-1747694393455/
20/05/2025 12:39:53.461 - [INFO] - Initializing for platform: 'linux' running on architecture: 'amd64'
20/05/2025 12:39:53.466 - [INFO] - Please wait while initializing JoularJX...
20/05/2025 12:39:54.476 - [INFO] - Initialization finished
20/05/2025 12:39:54.476 - [INFO] - Started monitoring application with ID 69933
Benchmarking dataset: COMMONCRAWL_2025. Current queryset: TRECMILLION. Using integer compression algorithm: SIMPLE8B And using term compression algorithm: LZ4
Index directory does not exist.
WARNING: A restricted method in java.lang.foreign.Linker has been called
WARNING: java.lang.foreign.Linker::downcallHandle has been called by the unnamed module
WARNING: Use --enable-native-access=ALL-UNNAMED to avoid a warning for this module

May 20, 2025 12:39:54 AM org.apache.lucene.internal.vectorization.PanamaVectorizationProvider <init>
INFO: Java vector incubator API enabled; uses preferredBitSize=512; FMA enabled
Processing: CC-MAIN-20250126135402-20250126165402-00039.warc.wet (272.55 MB)
20/05/2025 12:40:01.791 - [INFO] - Thread CPU time negative, taking previous time + 1 : 477948321 for thread: 43
Cumulative: 0.27/10.00 GB
Processing: CC-MAIN-20250126135402-20250126165402-00029.warc.wet (269.84 MB)
20/05/2025 12:40:05.966 - [INFO] - Thread CPU time negative, taking previous time + 1 : 393694943 for thread: 44
20/05/2025 12:40:10.142 - [INFO] - Thread CPU time negative, taking previous time + 1 : 616015763 for thread: 45
20/05/2025 12:40:14.314 - [INFO] - Thread CPU time negative, taking previous time + 1 : 369773404 for thread: 46
Cumulative: 0.53/10.00 GB
Processing: CC-MAIN-20250126135402-20250126165402-00034.warc.wet (275.63 MB)
20/05/2025 12:40:19.533 - [INFO] - Thread CPU time negative, taking previous time + 1 : 1172612303 for thread: 47
20/05/2025 12:40:23.706 - [INFO] - Thread CPU time negative, taking previous time + 1 : 613310811 for thread: 48
Cumulative: 0.80/10.00 GB
Processing: CC-MAIN-20250126135402-20250126165402-00001.warc.wet (277.35 MB)
20/05/2025 12:40:27.882 - [INFO] - Thread CPU time negative, taking previous time + 1 : 418687824 for thread: 49
20/05/2025 12:40:32.051 - [INFO] - Thread CPU time negative, taking previous time + 1 : 650135544 for thread: 50
20/05/2025 12:40:36.223 - [INFO] - Thread CPU time negative, taking previous time + 1 : 743043308 for thread: 51
Cumulative: 1.07/10.00 GB
Processing: CC-MAIN-20250126135402-20250126165402-00040.warc.wet (279.27 MB)
20/05/2025 12:40:40.392 - [INFO] - Thread CPU time negative, taking previous time + 1 : 809586237 for thread: 52
20/05/2025 12:40:44.559 - [INFO] - Thread CPU time negative, taking previous time + 1 : 912991605 for thread: 53
Cumulative: 1.34/10.00 GB
Processing: CC-MAIN-20250126135402-20250126165402-00061.warc.wet (274.73 MB)
20/05/2025 12:40:47.681 - [INFO] - Thread CPU time negative, taking previous time + 1 : 327919202 for thread: 54
20/05/2025 12:40:51.850 - [INFO] - Thread CPU time negative, taking previous time + 1 : 779731434 for thread: 55
Cumulative: 1.61/10.00 GB
Processing: CC-MAIN-20250126135402-20250126165402-00011.warc.wet (265.71 MB)
20/05/2025 12:41:00.201 - [INFO] - Thread CPU time negative, taking previous time + 1 : 1202158659 for thread: 57
20/05/2025 12:41:03.329 - [INFO] - Thread CPU time negative, taking previous time + 1 : 490295835 for thread: 58
20/05/2025 12:41:03.329 - [INFO] - Thread CPU time negative, taking previous time + 1 : 8516146285 for thread: 56
20/05/2025 12:41:06.453 - [INFO] - Thread CPU time negative, taking previous time + 1 : 411625660 for thread: 59
Cumulative: 1.87/10.00 GB
Processing: CC-MAIN-20250126135402-20250126165402-00062.warc.wet (280.73 MB)
20/05/2025 12:41:10.603 - [INFO] - Thread CPU time negative, taking previous time + 1 : 927964653 for thread: 60
20/05/2025 12:41:13.721 - [INFO] - Thread CPU time negative, taking previous time + 1 : 419329421 for thread: 61
Cumulative: 2.14/10.00 GB
Processing: CC-MAIN-20250126135402-20250126165402-00010.warc.wet (273.96 MB)
20/05/2025 12:41:17.874 - [INFO] - Thread CPU time negative, taking previous time + 1 : 830334899 for thread: 62
20/05/2025 12:41:20.985 - [INFO] - Thread CPU time negative, taking previous time + 1 : 260878643 for thread: 63
20/05/2025 12:41:25.141 - [INFO] - Thread CPU time negative, taking previous time + 1 : 413765950 for thread: 64
Cumulative: 2.41/10.00 GB
Processing: CC-MAIN-20250126135402-20250126165402-00064.warc.wet (281.21 MB)
20/05/2025 12:41:29.304 - [INFO] - Thread CPU time negative, taking previous time + 1 : 879081920 for thread: 65
20/05/2025 12:41:36.613 - [INFO] - Thread CPU time negative, taking previous time + 1 : 690818078 for thread: 67
Cumulative: 2.69/10.00 GB
Processing: CC-MAIN-20250126135402-20250126165402-00026.warc.wet (282.85 MB)
20/05/2025 12:41:39.746 - [INFO] - Thread CPU time negative, taking previous time + 1 : 7980973620 for thread: 66
20/05/2025 12:41:40.788 - [INFO] - Thread CPU time negative, taking previous time + 1 : 1043767941 for thread: 68
20/05/2025 12:41:43.914 - [INFO] - Thread CPU time negative, taking previous time + 1 : 871153241 for thread: 69
Cumulative: 2.96/10.00 GB
Processing: CC-MAIN-20250126135402-20250126165402-00015.warc.wet (264.88 MB)
20/05/2025 12:41:48.078 - [INFO] - Thread CPU time negative, taking previous time + 1 : 941417517 for thread: 70
20/05/2025 12:41:51.201 - [INFO] - Thread CPU time negative, taking previous time + 1 : 377236774 for thread: 71
20/05/2025 12:41:55.359 - [INFO] - Thread CPU time negative, taking previous time + 1 : 868086057 for thread: 72
Cumulative: 3.22/10.00 GB
Processing: CC-MAIN-20250126135402-20250126165402-00006.warc.wet (271.73 MB)
20/05/2025 12:41:58.485 - [INFO] - Thread CPU time negative, taking previous time + 1 : 311565673 for thread: 73
20/05/2025 12:42:02.656 - [INFO] - Thread CPU time negative, taking previous time + 1 : 858234704 for thread: 74
20/05/2025 12:42:05.780 - [INFO] - Thread CPU time negative, taking previous time + 1 : 343001742 for thread: 75
Cumulative: 3.49/10.00 GB
Processing: CC-MAIN-20250126135402-20250126165402-00017.warc.wet (271.90 MB)
20/05/2025 12:42:09.949 - [INFO] - Thread CPU time negative, taking previous time + 1 : 910465601 for thread: 76
Cumulative: 3.75/10.00 GB
Processing: CC-MAIN-20250126135402-20250126165402-00041.warc.wet (272.16 MB)
20/05/2025 12:42:17.258 - [INFO] - Thread CPU time negative, taking previous time + 1 : 381787617 for thread: 78
20/05/2025 12:42:21.435 - [INFO] - Thread CPU time negative, taking previous time + 1 : 8658810126 for thread: 77
20/05/2025 12:42:21.435 - [INFO] - Thread CPU time negative, taking previous time + 1 : 748154848 for thread: 79
20/05/2025 12:42:24.561 - [INFO] - Thread CPU time negative, taking previous time + 1 : 597510061 for thread: 80
Cumulative: 4.02/10.00 GB
Processing: CC-MAIN-20250126135402-20250126165402-00020.warc.wet (279.35 MB)
20/05/2025 12:42:28.728 - [INFO] - Thread CPU time negative, taking previous time + 1 : 1063251491 for thread: 81
20/05/2025 12:42:31.854 - [INFO] - Thread CPU time negative, taking previous time + 1 : 515714202 for thread: 82
20/05/2025 12:42:36.018 - [INFO] - Thread CPU time negative, taking previous time + 1 : 610643221 for thread: 83
Cumulative: 4.29/10.00 GB
Processing: CC-MAIN-20250126135402-20250126165402-00052.warc.wet (271.64 MB)
20/05/2025 12:42:40.161 - [INFO] - Thread CPU time negative, taking previous time + 1 : 1089722313 for thread: 84
20/05/2025 12:42:43.280 - [INFO] - Thread CPU time negative, taking previous time + 1 : 513340808 for thread: 85
Cumulative: 4.56/10.00 GB
Processing: CC-MAIN-20250126135402-20250126165402-00028.warc.wet (269.44 MB)
20/05/2025 12:42:47.446 - [INFO] - Thread CPU time negative, taking previous time + 1 : 977603839 for thread: 86
20/05/2025 12:42:50.562 - [INFO] - Thread CPU time negative, taking previous time + 1 : 380388704 for thread: 87
Cumulative: 4.82/10.00 GB
Processing: CC-MAIN-20250126135402-20250126165402-00065.warc.wet (275.91 MB)
20/05/2025 12:42:58.887 - [INFO] - Thread CPU time negative, taking previous time + 1 : 830659085 for thread: 89
20/05/2025 12:43:02.017 - [INFO] - Thread CPU time negative, taking previous time + 1 : 8113324758 for thread: 88
20/05/2025 12:43:06.179 - [INFO] - Thread CPU time negative, taking previous time + 1 : 1127210788 for thread: 91
Cumulative: 5.09/10.00 GB
Processing: CC-MAIN-20250126135402-20250126165402-00054.warc.wet (276.84 MB)
20/05/2025 12:43:09.307 - [INFO] - Thread CPU time negative, taking previous time + 1 : 574079695 for thread: 92
20/05/2025 12:43:13.473 - [INFO] - Thread CPU time negative, taking previous time + 1 : 1111087691 for thread: 93
20/05/2025 12:43:16.598 - [INFO] - Thread CPU time negative, taking previous time + 1 : 513163153 for thread: 94
Cumulative: 5.36/10.00 GB
Processing: CC-MAIN-20250126135402-20250126165402-00066.warc.wet (269.49 MB)
20/05/2025 12:43:20.766 - [INFO] - Thread CPU time negative, taking previous time + 1 : 992115700 for thread: 95
20/05/2025 12:43:23.892 - [INFO] - Thread CPU time negative, taking previous time + 1 : 474807048 for thread: 96
Cumulative: 5.62/10.00 GB
Processing: CC-MAIN-20250126135402-20250126165402-00044.warc.wet (269.25 MB)
20/05/2025 12:43:28.059 - [INFO] - Thread CPU time negative, taking previous time + 1 : 958651080 for thread: 97
20/05/2025 12:43:32.223 - [INFO] - Thread CPU time negative, taking previous time + 1 : 1084071610 for thread: 98
Cumulative: 5.89/10.00 GB
Processing: CC-MAIN-20250126135402-20250126165402-00036.warc.wet (275.01 MB)
20/05/2025 12:43:39.533 - [INFO] - Thread CPU time negative, taking previous time + 1 : 610158923 for thread: 100
20/05/2025 12:43:43.715 - [INFO] - Thread CPU time negative, taking previous time + 1 : 947396893 for thread: 101
20/05/2025 12:43:43.715 - [INFO] - Thread CPU time negative, taking previous time + 1 : 8858762453 for thread: 99
20/05/2025 12:43:46.841 - [INFO] - Thread CPU time negative, taking previous time + 1 : 807282458 for thread: 102
Cumulative: 6.15/10.00 GB
Processing: CC-MAIN-20250126135402-20250126165402-00057.warc.wet (279.83 MB)
20/05/2025 12:43:49.966 - [INFO] - Thread CPU time negative, taking previous time + 1 : 309285119 for thread: 103
20/05/2025 12:43:54.122 - [INFO] - Thread CPU time negative, taking previous time + 1 : 831794806 for thread: 104
20/05/2025 12:43:57.247 - [INFO] - Thread CPU time negative, taking previous time + 1 : 270177554 for thread: 105
Cumulative: 6.43/10.00 GB
Processing: CC-MAIN-20250126135402-20250126165402-00023.warc.wet (277.97 MB)
20/05/2025 12:44:01.413 - [INFO] - Thread CPU time negative, taking previous time + 1 : 772179280 for thread: 106
20/05/2025 12:44:04.539 - [INFO] - Thread CPU time negative, taking previous time + 1 : 271945311 for thread: 107
Cumulative: 6.70/10.00 GB
Processing: CC-MAIN-20250126135402-20250126165402-00042.warc.wet (269.42 MB)
20/05/2025 12:44:08.702 - [INFO] - Thread CPU time negative, taking previous time + 1 : 742325094 for thread: 108
20/05/2025 12:44:17.043 - [INFO] - Thread CPU time negative, taking previous time + 1 : 940544724 for thread: 110
Cumulative: 6.96/10.00 GB
Processing: CC-MAIN-20250126135402-20250126165402-00047.warc.wet (271.69 MB)
20/05/2025 12:44:20.168 - [INFO] - Thread CPU time negative, taking previous time + 1 : 296016188 for thread: 111
20/05/2025 12:44:20.168 - [INFO] - Thread CPU time negative, taking previous time + 1 : 8582037582 for thread: 109
20/05/2025 12:44:24.335 - [INFO] - Thread CPU time negative, taking previous time + 1 : 1187509038 for thread: 112
Cumulative: 7.23/10.00 GB
Processing: CC-MAIN-20250126135402-20250126165402-00059.warc.wet (276.90 MB)
20/05/2025 12:44:27.462 - [INFO] - Thread CPU time negative, taking previous time + 1 : 649309633 for thread: 113
20/05/2025 12:44:31.628 - [INFO] - Thread CPU time negative, taking previous time + 1 : 1137679824 for thread: 114
20/05/2025 12:44:34.740 - [INFO] - Thread CPU time negative, taking previous time + 1 : 644191193 for thread: 115
Cumulative: 7.50/10.00 GB
Processing: CC-MAIN-20250126135402-20250126165402-00031.warc.wet (260.81 MB)
20/05/2025 12:44:38.881 - [INFO] - Thread CPU time negative, taking previous time + 1 : 1147848268 for thread: 116
20/05/2025 12:44:41.990 - [INFO] - Thread CPU time negative, taking previous time + 1 : 673843908 for thread: 117
Cumulative: 7.75/10.00 GB
Processing: CC-MAIN-20250126135402-20250126165402-00050.warc.wet (276.60 MB)
20/05/2025 12:44:49.267 - [INFO] - Thread CPU time negative, taking previous time + 1 : 683340061 for thread: 119
Cumulative: 8.02/10.00 GB
Processing: CC-MAIN-20250126135402-20250126165402-00016.warc.wet (274.16 MB)
20/05/2025 12:44:57.594 - [INFO] - Thread CPU time negative, taking previous time + 1 : 1137797062 for thread: 121
20/05/2025 12:45:00.720 - [INFO] - Thread CPU time negative, taking previous time + 1 : 427196748 for thread: 122
20/05/2025 12:45:00.720 - [INFO] - Thread CPU time negative, taking previous time + 1 : 8437747661 for thread: 120
20/05/2025 12:45:03.847 - [INFO] - Thread CPU time negative, taking previous time + 1 : 260434720 for thread: 123
Cumulative: 8.29/10.00 GB
Processing: CC-MAIN-20250126135402-20250126165402-00022.warc.wet (275.89 MB)
20/05/2025 12:45:08.016 - [INFO] - Thread CPU time negative, taking previous time + 1 : 655818047 for thread: 124
20/05/2025 12:45:12.184 - [INFO] - Thread CPU time negative, taking previous time + 1 : 736337334 for thread: 125
Cumulative: 8.56/10.00 GB
Processing: CC-MAIN-20250126135402-20250126165402-00024.warc.wet (276.91 MB)
20/05/2025 12:45:19.479 - [INFO] - Thread CPU time negative, taking previous time + 1 : 705327402 for thread: 127
20/05/2025 12:45:23.646 - [INFO] - Thread CPU time negative, taking previous time + 1 : 1207279025 for thread: 128
20/05/2025 12:45:26.771 - [INFO] - Thread CPU time negative, taking previous time + 1 : 651190584 for thread: 129
Cumulative: 8.83/10.00 GB
Processing: CC-MAIN-20250126135402-20250126165402-00000.warc.wet (275.64 MB)
20/05/2025 12:45:30.936 - [INFO] - Thread CPU time negative, taking previous time + 1 : 1215425155 for thread: 130
Cumulative: 9.10/10.00 GB
Processing: CC-MAIN-20250126135402-20250126165402-00060.warc.wet (275.70 MB)
20/05/2025 12:45:38.231 - [INFO] - Thread CPU time negative, taking previous time + 1 : 686342562 for thread: 132
20/05/2025 12:45:41.368 - [INFO] - Thread CPU time negative, taking previous time + 1 : 7939819230 for thread: 131
20/05/2025 12:45:42.408 - [INFO] - Thread CPU time negative, taking previous time + 1 : 1022315072 for thread: 133
20/05/2025 12:45:45.535 - [INFO] - Thread CPU time negative, taking previous time + 1 : 897866167 for thread: 134
Cumulative: 9.37/10.00 GB
Processing: CC-MAIN-20250126135402-20250126165402-00048.warc.wet (275.59 MB)
20/05/2025 12:45:48.661 - [INFO] - Thread CPU time negative, taking previous time + 1 : 340460074 for thread: 135
20/05/2025 12:45:52.827 - [INFO] - Thread CPU time negative, taking previous time + 1 : 874179405 for thread: 136
20/05/2025 12:45:55.953 - [INFO] - Thread CPU time negative, taking previous time + 1 : 338345277 for thread: 137
Cumulative: 9.64/10.00 GB
Processing: CC-MAIN-20250126135402-20250126165402-00008.warc.wet (276.63 MB)
20/05/2025 12:46:00.119 - [INFO] - Thread CPU time negative, taking previous time + 1 : 869332215 for thread: 138
20/05/2025 12:46:04.287 - [INFO] - Thread CPU time negative, taking previous time + 1 : 982416028 for thread: 139
Cumulative: 9.91/10.00 GB
Next file would exceed limit, but processing it anyway...
Processing: CC-MAIN-20250126135402-20250126165402-00021.warc.wet (279.38 MB)
20/05/2025 12:46:07.408 - [INFO] - Thread CPU time negative, taking previous time + 1 : 788350819 for thread: 140
20/05/2025 12:46:15.756 - [INFO] - Thread CPU time negative, taking previous time + 1 : 955674070 for thread: 142
Cumulative: 10.18/10.00 GB
20/05/2025 12:46:18.885 - [INFO] - Thread CPU time negative, taking previous time + 1 : 285548829 for thread: 143
20/05/2025 12:46:18.886 - [INFO] - Thread CPU time negative, taking previous time + 1 : 8536714146 for thread: 141
Indexing completed for 38 files (10.18 GB input) in 384780 ms.
Final size: 10.18 GB (0.18 GB over limit)
Benchmark for dataset: CommonCrawl-2025-05
Indexing Time In MS: 384780
Index Size In MB: 3546
0 SHORT
0 INT
20/05/2025 12:46:19.941 - [INFO] - Thread CPU time negative, taking previous time + 1 : 379364763084 for thread: 1
20/05/2025 12:46:19.953 - [INFO] - JoularJX finished monitoring application with ID 69933
20/05/2025 12:46:19.953 - [INFO] - Program consumed 63267.39 joules
20/05/2025 12:46:19.980 - [INFO] - Energy consumption of methods and filtered methods written to files
