WARNING: Using incubator modules: jdk.incubator.vector
20/05/2025 12:26:47.040 - [INFO] - Could not locate config.properties, will use default values
20/05/2025 12:26:47.040 - [INFO] - +---------------------------------+
20/05/2025 12:26:47.041 - [INFO] - | JoularJX Agent Version 3.0.1    |
20/05/2025 12:26:47.041 - [INFO] - +---------------------------------+
20/05/2025 12:26:47.048 - [INFO] - Results will be stored in joularjx-result/69539-1747693607047/
20/05/2025 12:26:47.052 - [INFO] - Initializing for platform: 'linux' running on architecture: 'amd64'
20/05/2025 12:26:47.058 - [INFO] - Please wait while initializing JoularJX...
20/05/2025 12:26:48.068 - [INFO] - Initialization finished
20/05/2025 12:26:48.069 - [INFO] - Started monitoring application with ID 69539
Benchmarking dataset: COMMONCRAWL_2025. Current queryset: TRECMILLION. Using integer compression algorithm: NONE And using term compression algorithm: LZ4
Index directory and all files deleted.
WARNING: A restricted method in java.lang.foreign.Linker has been called
WARNING: java.lang.foreign.Linker::downcallHandle has been called by the unnamed module
WARNING: Use --enable-native-access=ALL-UNNAMED to avoid a warning for this module

May 20, 2025 12:26:48 AM org.apache.lucene.internal.vectorization.PanamaVectorizationProvider <init>
INFO: Java vector incubator API enabled; uses preferredBitSize=512; FMA enabled
Processing: CC-MAIN-20250126135402-20250126165402-00039.warc.wet (272.55 MB)
20/05/2025 12:26:55.382 - [INFO] - Thread CPU time negative, taking previous time + 1 : 386747185 for thread: 43
Cumulative: 0.27/10.00 GB
Processing: CC-MAIN-20250126135402-20250126165402-00029.warc.wet (269.84 MB)
20/05/2025 12:26:59.555 - [INFO] - Thread CPU time negative, taking previous time + 1 : 345260909 for thread: 44
20/05/2025 12:27:04.775 - [INFO] - Thread CPU time negative, taking previous time + 1 : 1071916485 for thread: 45
20/05/2025 12:27:08.950 - [INFO] - Thread CPU time negative, taking previous time + 1 : 822186865 for thread: 46
Cumulative: 0.53/10.00 GB
Processing: CC-MAIN-20250126135402-20250126165402-00034.warc.wet (275.63 MB)
20/05/2025 12:27:13.121 - [INFO] - Thread CPU time negative, taking previous time + 1 : 902002179 for thread: 47
20/05/2025 12:27:17.293 - [INFO] - Thread CPU time negative, taking previous time + 1 : 256660402 for thread: 48
Cumulative: 0.80/10.00 GB
Processing: CC-MAIN-20250126135402-20250126165402-00001.warc.wet (277.35 MB)
20/05/2025 12:27:22.508 - [INFO] - Thread CPU time negative, taking previous time + 1 : 760328854 for thread: 49
20/05/2025 12:27:26.681 - [INFO] - Thread CPU time negative, taking previous time + 1 : 612458156 for thread: 50
20/05/2025 12:27:29.813 - [INFO] - Thread CPU time negative, taking previous time + 1 : 279272852 for thread: 51
Cumulative: 1.07/10.00 GB
Processing: CC-MAIN-20250126135402-20250126165402-00040.warc.wet (279.27 MB)
20/05/2025 12:27:33.984 - [INFO] - Thread CPU time negative, taking previous time + 1 : 336383034 for thread: 52
20/05/2025 12:27:38.153 - [INFO] - Thread CPU time negative, taking previous time + 1 : 829486581 for thread: 53
Cumulative: 1.34/10.00 GB
Processing: CC-MAIN-20250126135402-20250126165402-00061.warc.wet (274.73 MB)
20/05/2025 12:27:41.281 - [INFO] - Thread CPU time negative, taking previous time + 1 : 207093399 for thread: 54
20/05/2025 12:27:49.642 - [INFO] - Thread CPU time negative, taking previous time + 1 : 648581935 for thread: 56
Cumulative: 1.61/10.00 GB
Processing: CC-MAIN-20250126135402-20250126165402-00011.warc.wet (265.71 MB)
20/05/2025 12:27:52.776 - [INFO] - Thread CPU time negative, taking previous time + 1 : 7915303382 for thread: 55
20/05/2025 12:27:53.818 - [INFO] - Thread CPU time negative, taking previous time + 1 : 981315262 for thread: 57
20/05/2025 12:27:56.947 - [INFO] - Thread CPU time negative, taking previous time + 1 : 816583851 for thread: 58
Cumulative: 1.87/10.00 GB
Processing: CC-MAIN-20250126135402-20250126165402-00062.warc.wet (280.73 MB)
20/05/2025 12:28:01.111 - [INFO] - Thread CPU time negative, taking previous time + 1 : 994142174 for thread: 59
20/05/2025 12:28:04.229 - [INFO] - Thread CPU time negative, taking previous time + 1 : 874046108 for thread: 60
20/05/2025 12:28:08.397 - [INFO] - Thread CPU time negative, taking previous time + 1 : 966854423 for thread: 61
Cumulative: 2.14/10.00 GB
Processing: CC-MAIN-20250126135402-20250126165402-00010.warc.wet (273.96 MB)
20/05/2025 12:28:11.526 - [INFO] - Thread CPU time negative, taking previous time + 1 : 375996747 for thread: 62
20/05/2025 12:28:15.689 - [INFO] - Thread CPU time negative, taking previous time + 1 : 801806143 for thread: 63
20/05/2025 12:28:18.815 - [INFO] - Thread CPU time negative, taking previous time + 1 : 291508969 for thread: 64
Cumulative: 2.41/10.00 GB
Processing: CC-MAIN-20250126135402-20250126165402-00064.warc.wet (281.21 MB)
20/05/2025 12:28:27.171 - [INFO] - Thread CPU time negative, taking previous time + 1 : 742760475 for thread: 66
20/05/2025 12:28:30.305 - [INFO] - Thread CPU time negative, taking previous time + 1 : 8001687802 for thread: 65
20/05/2025 12:28:31.345 - [INFO] - Thread CPU time negative, taking previous time + 1 : 1023442488 for thread: 67
Cumulative: 2.69/10.00 GB
Processing: CC-MAIN-20250126135402-20250126165402-00026.warc.wet (282.85 MB)
20/05/2025 12:28:34.461 - [INFO] - Thread CPU time negative, taking previous time + 1 : 867150992 for thread: 68
20/05/2025 12:28:38.620 - [INFO] - Thread CPU time negative, taking previous time + 1 : 943321967 for thread: 69
Cumulative: 2.96/10.00 GB
Processing: CC-MAIN-20250126135402-20250126165402-00015.warc.wet (264.88 MB)
20/05/2025 12:28:41.747 - [INFO] - Thread CPU time negative, taking previous time + 1 : 760488060 for thread: 70
20/05/2025 12:28:45.916 - [INFO] - Thread CPU time negative, taking previous time + 1 : 818808007 for thread: 71
20/05/2025 12:28:49.043 - [INFO] - Thread CPU time negative, taking previous time + 1 : 272431585 for thread: 72
Cumulative: 3.22/10.00 GB
Processing: CC-MAIN-20250126135402-20250126165402-00006.warc.wet (271.73 MB)
20/05/2025 12:28:53.210 - [INFO] - Thread CPU time negative, taking previous time + 1 : 744063751 for thread: 73
20/05/2025 12:28:56.337 - [INFO] - Thread CPU time negative, taking previous time + 1 : 225324255 for thread: 74
20/05/2025 12:29:00.506 - [INFO] - Thread CPU time negative, taking previous time + 1 : 714320750 for thread: 75
Cumulative: 3.49/10.00 GB
Processing: CC-MAIN-20250126135402-20250126165402-00017.warc.wet (271.90 MB)
20/05/2025 12:29:03.636 - [INFO] - Thread CPU time negative, taking previous time + 1 : 237312492 for thread: 76
20/05/2025 12:29:07.804 - [INFO] - Thread CPU time negative, taking previous time + 1 : 727923473 for thread: 77
Cumulative: 3.75/10.00 GB
Processing: CC-MAIN-20250126135402-20250126165402-00041.warc.wet (272.16 MB)
20/05/2025 12:29:16.140 - [INFO] - Thread CPU time negative, taking previous time + 1 : 705475386 for thread: 79
20/05/2025 12:29:18.226 - [INFO] - Thread CPU time negative, taking previous time + 1 : 7360984098 for thread: 78
20/05/2025 12:29:19.270 - [INFO] - Thread CPU time negative, taking previous time + 1 : 377690888 for thread: 80
Cumulative: 4.02/10.00 GB
Processing: CC-MAIN-20250126135402-20250126165402-00020.warc.wet (279.35 MB)
20/05/2025 12:29:23.431 - [INFO] - Thread CPU time negative, taking previous time + 1 : 807225949 for thread: 81
20/05/2025 12:29:26.550 - [INFO] - Thread CPU time negative, taking previous time + 1 : 232106318 for thread: 82
20/05/2025 12:29:30.719 - [INFO] - Thread CPU time negative, taking previous time + 1 : 688432535 for thread: 83
Cumulative: 4.29/10.00 GB
Processing: CC-MAIN-20250126135402-20250126165402-00052.warc.wet (271.64 MB)
20/05/2025 12:29:34.884 - [INFO] - Thread CPU time negative, taking previous time + 1 : 1096889061 for thread: 84
20/05/2025 12:29:38.010 - [INFO] - Thread CPU time negative, taking previous time + 1 : 513632679 for thread: 85
Cumulative: 4.56/10.00 GB
Processing: CC-MAIN-20250126135402-20250126165402-00028.warc.wet (269.44 MB)
20/05/2025 12:29:42.179 - [INFO] - Thread CPU time negative, taking previous time + 1 : 937483818 for thread: 86
20/05/2025 12:29:45.305 - [INFO] - Thread CPU time negative, taking previous time + 1 : 295604414 for thread: 87
20/05/2025 12:29:49.467 - [INFO] - Thread CPU time negative, taking previous time + 1 : 407566441 for thread: 88
Cumulative: 4.82/10.00 GB
Processing: CC-MAIN-20250126135402-20250126165402-00065.warc.wet (275.91 MB)
20/05/2025 12:29:57.793 - [INFO] - Thread CPU time negative, taking previous time + 1 : 778338547 for thread: 90
20/05/2025 12:29:59.875 - [INFO] - Thread CPU time negative, taking previous time + 1 : 7417955589 for thread: 89
20/05/2025 12:30:00.915 - [INFO] - Thread CPU time negative, taking previous time + 1 : 428295015 for thread: 91
Cumulative: 5.09/10.00 GB
Processing: CC-MAIN-20250126135402-20250126165402-00054.warc.wet (276.84 MB)
20/05/2025 12:30:05.074 - [INFO] - Thread CPU time negative, taking previous time + 1 : 871093934 for thread: 92
20/05/2025 12:30:08.197 - [INFO] - Thread CPU time negative, taking previous time + 1 : 237899778 for thread: 93
Cumulative: 5.36/10.00 GB
Processing: CC-MAIN-20250126135402-20250126165402-00066.warc.wet (269.49 MB)
20/05/2025 12:30:12.361 - [INFO] - Thread CPU time negative, taking previous time + 1 : 548225338 for thread: 94
20/05/2025 12:30:16.526 - [INFO] - Thread CPU time negative, taking previous time + 1 : 911876817 for thread: 95
20/05/2025 12:30:20.691 - [INFO] - Thread CPU time negative, taking previous time + 1 : 997700452 for thread: 96
Cumulative: 5.62/10.00 GB
Processing: CC-MAIN-20250126135402-20250126165402-00044.warc.wet (269.25 MB)
20/05/2025 12:30:23.813 - [INFO] - Thread CPU time negative, taking previous time + 1 : 346589236 for thread: 97
20/05/2025 12:30:27.978 - [INFO] - Thread CPU time negative, taking previous time + 1 : 828373474 for thread: 98
Cumulative: 5.89/10.00 GB
Processing: CC-MAIN-20250126135402-20250126165402-00036.warc.wet (275.01 MB)
20/05/2025 12:30:36.318 - [INFO] - Thread CPU time negative, taking previous time + 1 : 1054381209 for thread: 100
20/05/2025 12:30:39.787 - [INFO] - Thread CPU time negative, taking previous time + 1 : 169107245 for thread: 101
20/05/2025 12:30:39.787 - [INFO] - Thread CPU time negative, taking previous time + 1 : 7948500434 for thread: 99
Cumulative: 6.15/10.00 GB
Processing: CC-MAIN-20250126135402-20250126165402-00057.warc.wet (279.83 MB)
20/05/2025 12:30:43.951 - [INFO] - Thread CPU time negative, taking previous time + 1 : 969300145 for thread: 102
20/05/2025 12:30:47.064 - [INFO] - Thread CPU time negative, taking previous time + 1 : 359427518 for thread: 103
20/05/2025 12:30:51.218 - [INFO] - Thread CPU time negative, taking previous time + 1 : 762657301 for thread: 104
Cumulative: 6.43/10.00 GB
Processing: CC-MAIN-20250126135402-20250126165402-00023.warc.wet (277.97 MB)
20/05/2025 12:30:55.374 - [INFO] - Thread CPU time negative, taking previous time + 1 : 807255780 for thread: 105
20/05/2025 12:30:58.500 - [INFO] - Thread CPU time negative, taking previous time + 1 : 277149167 for thread: 106
Cumulative: 6.70/10.00 GB
Processing: CC-MAIN-20250126135402-20250126165402-00042.warc.wet (269.42 MB)
20/05/2025 12:31:05.774 - [INFO] - Thread CPU time negative, taking previous time + 1 : 246824124 for thread: 108
20/05/2025 12:31:09.924 - [INFO] - Thread CPU time negative, taking previous time + 1 : 778390560 for thread: 109
Cumulative: 6.96/10.00 GB
Processing: CC-MAIN-20250126135402-20250126165402-00047.warc.wet (271.69 MB)
20/05/2025 12:31:18.242 - [INFO] - Thread CPU time negative, taking previous time + 1 : 1134280343 for thread: 111
20/05/2025 12:31:20.323 - [INFO] - Thread CPU time negative, taking previous time + 1 : 7429595061 for thread: 110
20/05/2025 12:31:21.362 - [INFO] - Thread CPU time negative, taking previous time + 1 : 445648465 for thread: 112
Cumulative: 7.23/10.00 GB
Processing: CC-MAIN-20250126135402-20250126165402-00059.warc.wet (276.90 MB)
20/05/2025 12:31:24.486 - [INFO] - Thread CPU time negative, taking previous time + 1 : 167381683 for thread: 113
20/05/2025 12:31:28.651 - [INFO] - Thread CPU time negative, taking previous time + 1 : 226982575 for thread: 114
20/05/2025 12:31:32.818 - [INFO] - Thread CPU time negative, taking previous time + 1 : 708249392 for thread: 115
Cumulative: 7.50/10.00 GB
Processing: CC-MAIN-20250126135402-20250126165402-00031.warc.wet (260.81 MB)
20/05/2025 12:31:36.984 - [INFO] - Thread CPU time negative, taking previous time + 1 : 891820469 for thread: 116
20/05/2025 12:31:40.110 - [INFO] - Thread CPU time negative, taking previous time + 1 : 773280261 for thread: 117
20/05/2025 12:31:43.233 - [INFO] - Thread CPU time negative, taking previous time + 1 : 192557382 for thread: 118
Cumulative: 7.75/10.00 GB
Processing: CC-MAIN-20250126135402-20250126165402-00050.warc.wet (276.60 MB)
20/05/2025 12:31:47.386 - [INFO] - Thread CPU time negative, taking previous time + 1 : 593549379 for thread: 119
20/05/2025 12:31:51.551 - [INFO] - Thread CPU time negative, taking previous time + 1 : 1110298667 for thread: 120
Cumulative: 8.02/10.00 GB
Processing: CC-MAIN-20250126135402-20250126165402-00016.warc.wet (274.16 MB)
20/05/2025 12:31:54.678 - [INFO] - Thread CPU time negative, taking previous time + 1 : 493896504 for thread: 121
20/05/2025 12:31:58.844 - [INFO] - Thread CPU time negative, taking previous time + 1 : 995488339 for thread: 122
Cumulative: 8.29/10.00 GB
Processing: CC-MAIN-20250126135402-20250126165402-00022.warc.wet (275.89 MB)
20/05/2025 12:32:06.141 - [INFO] - Thread CPU time negative, taking previous time + 1 : 332107946 for thread: 124
20/05/2025 12:32:09.269 - [INFO] - Thread CPU time negative, taking previous time + 1 : 7661262458 for thread: 123
20/05/2025 12:32:10.307 - [INFO] - Thread CPU time negative, taking previous time + 1 : 681355329 for thread: 125
Cumulative: 8.56/10.00 GB
Processing: CC-MAIN-20250126135402-20250126165402-00024.warc.wet (276.91 MB)
20/05/2025 12:32:14.474 - [INFO] - Thread CPU time negative, taking previous time + 1 : 1094029781 for thread: 126
20/05/2025 12:32:17.598 - [INFO] - Thread CPU time negative, taking previous time + 1 : 525767554 for thread: 127
20/05/2025 12:32:21.761 - [INFO] - Thread CPU time negative, taking previous time + 1 : 952757484 for thread: 128
Cumulative: 8.83/10.00 GB
Processing: CC-MAIN-20250126135402-20250126165402-00000.warc.wet (275.64 MB)
20/05/2025 12:32:24.878 - [INFO] - Thread CPU time negative, taking previous time + 1 : 327399530 for thread: 129
20/05/2025 12:32:29.040 - [INFO] - Thread CPU time negative, taking previous time + 1 : 795619083 for thread: 130
20/05/2025 12:32:33.199 - [INFO] - Thread CPU time negative, taking previous time + 1 : 869803227 for thread: 131
Cumulative: 9.10/10.00 GB
Processing: CC-MAIN-20250126135402-20250126165402-00060.warc.wet (275.70 MB)
20/05/2025 12:32:37.364 - [INFO] - Thread CPU time negative, taking previous time + 1 : 1006869320 for thread: 132
20/05/2025 12:32:44.649 - [INFO] - Thread CPU time negative, taking previous time + 1 : 349111492 for thread: 134
Cumulative: 9.37/10.00 GB
Processing: CC-MAIN-20250126135402-20250126165402-00048.warc.wet (275.59 MB)
20/05/2025 12:32:47.769 - [INFO] - Thread CPU time negative, taking previous time + 1 : 7627385816 for thread: 133
20/05/2025 12:32:48.808 - [INFO] - Thread CPU time negative, taking previous time + 1 : 669996594 for thread: 135
20/05/2025 12:32:51.925 - [INFO] - Thread CPU time negative, taking previous time + 1 : 516448672 for thread: 136
Cumulative: 9.64/10.00 GB
Processing: CC-MAIN-20250126135402-20250126165402-00008.warc.wet (276.63 MB)
20/05/2025 12:32:56.070 - [INFO] - Thread CPU time negative, taking previous time + 1 : 930151337 for thread: 137
20/05/2025 12:32:59.192 - [INFO] - Thread CPU time negative, taking previous time + 1 : 360380205 for thread: 138
20/05/2025 12:33:03.347 - [INFO] - Thread CPU time negative, taking previous time + 1 : 805332323 for thread: 139
Cumulative: 9.91/10.00 GB
Next file would exceed limit, but processing it anyway...
Processing: CC-MAIN-20250126135402-20250126165402-00021.warc.wet (279.38 MB)
20/05/2025 12:33:06.469 - [INFO] - Thread CPU time negative, taking previous time + 1 : 214302413 for thread: 140
20/05/2025 12:33:10.624 - [INFO] - Thread CPU time negative, taking previous time + 1 : 738474561 for thread: 141
20/05/2025 12:33:14.771 - [INFO] - Thread CPU time negative, taking previous time + 1 : 854800382 for thread: 142
Cumulative: 10.18/10.00 GB
Indexing completed for 38 files (10.18 GB input) in 388044 ms.
Final size: 10.18 GB (0.18 GB over limit)
Benchmark for dataset: CommonCrawl-2025-05
Indexing Time In MS: 388044
Index Size In MB: 7364
0 SHORT
0 INT
20/05/2025 12:33:16.872 - [INFO] - Thread CPU time negative, taking previous time + 1 : 380516240851 for thread: 1
20/05/2025 12:33:16.884 - [INFO] - JoularJX finished monitoring application with ID 69539
20/05/2025 12:33:16.884 - [INFO] - Program consumed 62443.05 joules
20/05/2025 12:33:16.899 - [INFO] - Energy consumption of methods and filtered methods written to files
