WARNING: Using incubator modules: jdk.incubator.vector
20/05/2025 12:59:32.857 - [INFO] - Could not locate config.properties, will use default values
20/05/2025 12:59:32.858 - [INFO] - +---------------------------------+
20/05/2025 12:59:32.858 - [INFO] - | JoularJX Agent Version 3.0.1    |
20/05/2025 12:59:32.858 - [INFO] - +---------------------------------+
20/05/2025 12:59:32.866 - [INFO] - Results will be stored in joularjx-result/70534-1747695572864/
20/05/2025 12:59:32.870 - [INFO] - Initializing for platform: 'linux' running on architecture: 'amd64'
20/05/2025 12:59:32.876 - [INFO] - Please wait while initializing JoularJX...
20/05/2025 12:59:33.885 - [INFO] - Initialization finished
20/05/2025 12:59:33.886 - [INFO] - Started monitoring application with ID 70534
Benchmarking dataset: COMMONCRAWL_2025. Current queryset: TRECMILLION. Using integer compression algorithm: NEWPFOR And using term compression algorithm: LZ4
Index directory and all files deleted.
WARNING: A restricted method in java.lang.foreign.Linker has been called
WARNING: java.lang.foreign.Linker::downcallHandle has been called by the unnamed module
WARNING: Use --enable-native-access=ALL-UNNAMED to avoid a warning for this module

May 20, 2025 12:59:34 AM org.apache.lucene.internal.vectorization.PanamaVectorizationProvider <init>
INFO: Java vector incubator API enabled; uses preferredBitSize=512; FMA enabled
Processing: CC-MAIN-20250126135402-20250126165402-00039.warc.wet (272.55 MB)
20/05/2025 12:59:42.233 - [INFO] - Thread CPU time negative, taking previous time + 1 : 1300162181 for thread: 43
Cumulative: 0.27/10.00 GB
Processing: CC-MAIN-20250126135402-20250126165402-00029.warc.wet (269.84 MB)
20/05/2025 12:59:46.413 - [INFO] - Thread CPU time negative, taking previous time + 1 : 908778271 for thread: 44
20/05/2025 12:59:50.590 - [INFO] - Thread CPU time negative, taking previous time + 1 : 835886279 for thread: 45
20/05/2025 12:59:54.765 - [INFO] - Thread CPU time negative, taking previous time + 1 : 559222046 for thread: 46
Cumulative: 0.53/10.00 GB
Processing: CC-MAIN-20250126135402-20250126165402-00034.warc.wet (275.63 MB)
20/05/2025 12:59:58.939 - [INFO] - Thread CPU time negative, taking previous time + 1 : 512158698 for thread: 47
20/05/2025 01:00:04.153 - [INFO] - Thread CPU time negative, taking previous time + 1 : 1146354262 for thread: 48
Cumulative: 0.80/10.00 GB
Processing: CC-MAIN-20250126135402-20250126165402-00001.warc.wet (277.35 MB)
20/05/2025 01:00:08.328 - [INFO] - Thread CPU time negative, taking previous time + 1 : 757434552 for thread: 49
20/05/2025 01:00:12.497 - [INFO] - Thread CPU time negative, taking previous time + 1 : 775414001 for thread: 50
20/05/2025 01:00:16.661 - [INFO] - Thread CPU time negative, taking previous time + 1 : 756019640 for thread: 51
Cumulative: 1.07/10.00 GB
Processing: CC-MAIN-20250126135402-20250126165402-00040.warc.wet (279.27 MB)
20/05/2025 01:00:20.833 - [INFO] - Thread CPU time negative, taking previous time + 1 : 702100074 for thread: 52
20/05/2025 01:00:24.993 - [INFO] - Thread CPU time negative, taking previous time + 1 : 696140109 for thread: 53
Cumulative: 1.34/10.00 GB
Processing: CC-MAIN-20250126135402-20250126165402-00061.warc.wet (274.73 MB)
20/05/2025 01:00:29.164 - [INFO] - Thread CPU time negative, taking previous time + 1 : 1019989693 for thread: 54
20/05/2025 01:00:32.293 - [INFO] - Thread CPU time negative, taking previous time + 1 : 376623542 for thread: 55
Cumulative: 1.61/10.00 GB
Processing: CC-MAIN-20250126135402-20250126165402-00011.warc.wet (265.71 MB)
20/05/2025 01:00:40.655 - [INFO] - Thread CPU time negative, taking previous time + 1 : 622591492 for thread: 57
20/05/2025 01:00:44.835 - [INFO] - Thread CPU time negative, taking previous time + 1 : 832851181 for thread: 58
20/05/2025 01:00:45.872 - [INFO] - Thread CPU time negative, taking previous time + 1 : 10117661174 for thread: 56
20/05/2025 01:00:47.953 - [INFO] - Thread CPU time negative, taking previous time + 1 : 606185805 for thread: 59
Cumulative: 1.87/10.00 GB
Processing: CC-MAIN-20250126135402-20250126165402-00062.warc.wet (280.73 MB)
20/05/2025 01:00:52.113 - [INFO] - Thread CPU time negative, taking previous time + 1 : 1019028907 for thread: 60
20/05/2025 01:00:55.234 - [INFO] - Thread CPU time negative, taking previous time + 1 : 405643438 for thread: 61
Cumulative: 2.14/10.00 GB
Processing: CC-MAIN-20250126135402-20250126165402-00010.warc.wet (273.96 MB)
20/05/2025 01:00:59.386 - [INFO] - Thread CPU time negative, taking previous time + 1 : 695376772 for thread: 62
20/05/2025 01:01:03.537 - [INFO] - Thread CPU time negative, taking previous time + 1 : 1038902207 for thread: 63
20/05/2025 01:01:07.696 - [INFO] - Thread CPU time negative, taking previous time + 1 : 1073185973 for thread: 64
Cumulative: 2.41/10.00 GB
Processing: CC-MAIN-20250126135402-20250126165402-00064.warc.wet (281.21 MB)
20/05/2025 01:01:10.823 - [INFO] - Thread CPU time negative, taking previous time + 1 : 409690915 for thread: 65
20/05/2025 01:01:19.181 - [INFO] - Thread CPU time negative, taking previous time + 1 : 1076185721 for thread: 67
Cumulative: 2.69/10.00 GB
Processing: CC-MAIN-20250126135402-20250126165402-00026.warc.wet (282.85 MB)
20/05/2025 01:01:23.363 - [INFO] - Thread CPU time negative, taking previous time + 1 : 9508696647 for thread: 66
20/05/2025 01:01:23.363 - [INFO] - Thread CPU time negative, taking previous time + 1 : 889402485 for thread: 68
20/05/2025 01:01:26.491 - [INFO] - Thread CPU time negative, taking previous time + 1 : 602773041 for thread: 69
Cumulative: 2.96/10.00 GB
Processing: CC-MAIN-20250126135402-20250126165402-00015.warc.wet (264.88 MB)
20/05/2025 01:01:30.661 - [INFO] - Thread CPU time negative, taking previous time + 1 : 933382247 for thread: 70
20/05/2025 01:01:34.830 - [INFO] - Thread CPU time negative, taking previous time + 1 : 1263915401 for thread: 71
20/05/2025 01:01:37.958 - [INFO] - Thread CPU time negative, taking previous time + 1 : 597050743 for thread: 72
Cumulative: 3.22/10.00 GB
Processing: CC-MAIN-20250126135402-20250126165402-00006.warc.wet (271.73 MB)
20/05/2025 01:01:42.128 - [INFO] - Thread CPU time negative, taking previous time + 1 : 944941068 for thread: 73
20/05/2025 01:01:45.255 - [INFO] - Thread CPU time negative, taking previous time + 1 : 349350720 for thread: 74
20/05/2025 01:01:49.425 - [INFO] - Thread CPU time negative, taking previous time + 1 : 738633166 for thread: 75
Cumulative: 3.49/10.00 GB
Processing: CC-MAIN-20250126135402-20250126165402-00017.warc.wet (271.90 MB)
20/05/2025 01:01:53.584 - [INFO] - Thread CPU time negative, taking previous time + 1 : 1172875329 for thread: 76
20/05/2025 01:02:00.873 - [INFO] - Thread CPU time negative, taking previous time + 1 : 360484744 for thread: 78
Cumulative: 3.75/10.00 GB
Processing: CC-MAIN-20250126135402-20250126165402-00041.warc.wet (272.16 MB)
20/05/2025 01:02:05.039 - [INFO] - Thread CPU time negative, taking previous time + 1 : 604480609 for thread: 79
20/05/2025 01:02:06.079 - [INFO] - Thread CPU time negative, taking previous time + 1 : 9817810142 for thread: 77
20/05/2025 01:02:08.164 - [INFO] - Thread CPU time negative, taking previous time + 1 : 301999542 for thread: 80
Cumulative: 4.02/10.00 GB
Processing: CC-MAIN-20250126135402-20250126165402-00020.warc.wet (279.35 MB)
20/05/2025 01:02:12.331 - [INFO] - Thread CPU time negative, taking previous time + 1 : 650619561 for thread: 81
20/05/2025 01:02:16.501 - [INFO] - Thread CPU time negative, taking previous time + 1 : 1026166918 for thread: 82
20/05/2025 01:02:20.668 - [INFO] - Thread CPU time negative, taking previous time + 1 : 1019282457 for thread: 83
Cumulative: 4.29/10.00 GB
Processing: CC-MAIN-20250126135402-20250126165402-00052.warc.wet (271.64 MB)
20/05/2025 01:02:23.795 - [INFO] - Thread CPU time negative, taking previous time + 1 : 339594941 for thread: 84
20/05/2025 01:02:27.962 - [INFO] - Thread CPU time negative, taking previous time + 1 : 660772989 for thread: 85
Cumulative: 4.56/10.00 GB
Processing: CC-MAIN-20250126135402-20250126165402-00028.warc.wet (269.44 MB)
20/05/2025 01:02:32.130 - [INFO] - Thread CPU time negative, taking previous time + 1 : 1024754287 for thread: 86
Cumulative: 4.82/10.00 GB
Processing: CC-MAIN-20250126135402-20250126165402-00065.warc.wet (275.91 MB)
20/05/2025 01:02:43.580 - [INFO] - Thread CPU time negative, taking previous time + 1 : 437880733 for thread: 89
20/05/2025 01:02:47.755 - [INFO] - Thread CPU time negative, taking previous time + 1 : 648878219 for thread: 90
20/05/2025 01:02:48.795 - [INFO] - Thread CPU time negative, taking previous time + 1 : 9977911289 for thread: 88
20/05/2025 01:02:50.882 - [INFO] - Thread CPU time negative, taking previous time + 1 : 374919094 for thread: 91
Cumulative: 5.09/10.00 GB
Processing: CC-MAIN-20250126135402-20250126165402-00054.warc.wet (276.84 MB)
20/05/2025 01:02:55.051 - [INFO] - Thread CPU time negative, taking previous time + 1 : 686034540 for thread: 92
20/05/2025 01:02:59.217 - [INFO] - Thread CPU time negative, taking previous time + 1 : 1069530874 for thread: 93
20/05/2025 01:03:02.337 - [INFO] - Thread CPU time negative, taking previous time + 1 : 320496917 for thread: 94
Cumulative: 5.36/10.00 GB
Processing: CC-MAIN-20250126135402-20250126165402-00066.warc.wet (269.49 MB)
20/05/2025 01:03:06.501 - [INFO] - Thread CPU time negative, taking previous time + 1 : 653226836 for thread: 95
20/05/2025 01:03:10.669 - [INFO] - Thread CPU time negative, taking previous time + 1 : 1051805346 for thread: 96
Cumulative: 5.62/10.00 GB
Processing: CC-MAIN-20250126135402-20250126165402-00044.warc.wet (269.25 MB)
20/05/2025 01:03:13.790 - [INFO] - Thread CPU time negative, taking previous time + 1 : 349558635 for thread: 97
20/05/2025 01:03:17.945 - [INFO] - Thread CPU time negative, taking previous time + 1 : 297333823 for thread: 98
Cumulative: 5.89/10.00 GB
Processing: CC-MAIN-20250126135402-20250126165402-00036.warc.wet (275.01 MB)
20/05/2025 01:03:26.265 - [INFO] - Thread CPU time negative, taking previous time + 1 : 506577094 for thread: 100
20/05/2025 01:03:30.434 - [INFO] - Thread CPU time negative, taking previous time + 1 : 676285626 for thread: 101
20/05/2025 01:03:31.477 - [INFO] - Thread CPU time negative, taking previous time + 1 : 9962953335 for thread: 99
20/05/2025 01:03:33.558 - [INFO] - Thread CPU time negative, taking previous time + 1 : 355140050 for thread: 102
Cumulative: 6.15/10.00 GB
Processing: CC-MAIN-20250126135402-20250126165402-00057.warc.wet (279.83 MB)
20/05/2025 01:03:37.718 - [INFO] - Thread CPU time negative, taking previous time + 1 : 740077524 for thread: 103
20/05/2025 01:03:41.866 - [INFO] - Thread CPU time negative, taking previous time + 1 : 1125961315 for thread: 104
Cumulative: 6.43/10.00 GB
Processing: CC-MAIN-20250126135402-20250126165402-00023.warc.wet (277.97 MB)
20/05/2025 01:03:44.981 - [INFO] - Thread CPU time negative, taking previous time + 1 : 421661106 for thread: 105
20/05/2025 01:03:49.128 - [INFO] - Thread CPU time negative, taking previous time + 1 : 780025025 for thread: 106
20/05/2025 01:03:53.275 - [INFO] - Thread CPU time negative, taking previous time + 1 : 1149950402 for thread: 107
Cumulative: 6.70/10.00 GB
Processing: CC-MAIN-20250126135402-20250126165402-00042.warc.wet (269.42 MB)
20/05/2025 01:03:56.386 - [INFO] - Thread CPU time negative, taking previous time + 1 : 412300211 for thread: 108
20/05/2025 01:04:05.755 - [INFO] - Thread CPU time negative, taking previous time + 1 : 1260776948 for thread: 110
Cumulative: 6.96/10.00 GB
Processing: CC-MAIN-20250126135402-20250126165402-00047.warc.wet (271.69 MB)
20/05/2025 01:04:08.883 - [INFO] - Thread CPU time negative, taking previous time + 1 : 493522388 for thread: 111
20/05/2025 01:04:09.924 - [INFO] - Thread CPU time negative, taking previous time + 1 : 10141530503 for thread: 109
20/05/2025 01:04:13.051 - [INFO] - Thread CPU time negative, taking previous time + 1 : 1217905754 for thread: 112
Cumulative: 7.23/10.00 GB
Processing: CC-MAIN-20250126135402-20250126165402-00059.warc.wet (276.90 MB)
20/05/2025 01:04:16.178 - [INFO] - Thread CPU time negative, taking previous time + 1 : 518358762 for thread: 113
20/05/2025 01:04:20.340 - [INFO] - Thread CPU time negative, taking previous time + 1 : 862656982 for thread: 114
20/05/2025 01:04:24.507 - [INFO] - Thread CPU time negative, taking previous time + 1 : 1257070569 for thread: 115
Cumulative: 7.50/10.00 GB
Processing: CC-MAIN-20250126135402-20250126165402-00031.warc.wet (260.81 MB)
20/05/2025 01:04:27.635 - [INFO] - Thread CPU time negative, taking previous time + 1 : 567549007 for thread: 116
20/05/2025 01:04:31.799 - [INFO] - Thread CPU time negative, taking previous time + 1 : 968095392 for thread: 117
20/05/2025 01:04:34.926 - [INFO] - Thread CPU time negative, taking previous time + 1 : 334749539 for thread: 118
Cumulative: 7.75/10.00 GB
Processing: CC-MAIN-20250126135402-20250126165402-00050.warc.wet (276.60 MB)
20/05/2025 01:04:39.088 - [INFO] - Thread CPU time negative, taking previous time + 1 : 641474797 for thread: 119
Cumulative: 8.02/10.00 GB
Processing: CC-MAIN-20250126135402-20250126165402-00016.warc.wet (274.16 MB)
20/05/2025 01:04:47.433 - [INFO] - Thread CPU time negative, taking previous time + 1 : 793936786 for thread: 121
20/05/2025 01:04:51.613 - [INFO] - Thread CPU time negative, taking previous time + 1 : 548513747 for thread: 122
20/05/2025 01:04:51.613 - [INFO] - Thread CPU time negative, taking previous time + 1 : 9282371734 for thread: 120
20/05/2025 01:04:54.741 - [INFO] - Thread CPU time negative, taking previous time + 1 : 694031639 for thread: 123
Cumulative: 8.29/10.00 GB
Processing: CC-MAIN-20250126135402-20250126165402-00022.warc.wet (275.89 MB)
20/05/2025 01:04:58.908 - [INFO] - Thread CPU time negative, taking previous time + 1 : 610220331 for thread: 124
20/05/2025 01:05:03.077 - [INFO] - Thread CPU time negative, taking previous time + 1 : 996539484 for thread: 125
20/05/2025 01:05:06.199 - [INFO] - Thread CPU time negative, taking previous time + 1 : 318648587 for thread: 126
Cumulative: 8.56/10.00 GB
Processing: CC-MAIN-20250126135402-20250126165402-00024.warc.wet (276.91 MB)
20/05/2025 01:05:10.367 - [INFO] - Thread CPU time negative, taking previous time + 1 : 693886329 for thread: 127
20/05/2025 01:05:14.533 - [INFO] - Thread CPU time negative, taking previous time + 1 : 1056216281 for thread: 128
20/05/2025 01:05:17.662 - [INFO] - Thread CPU time negative, taking previous time + 1 : 369301839 for thread: 129
Cumulative: 8.83/10.00 GB
Processing: CC-MAIN-20250126135402-20250126165402-00000.warc.wet (275.64 MB)
20/05/2025 01:05:21.830 - [INFO] - Thread CPU time negative, taking previous time + 1 : 784586086 for thread: 130
Cumulative: 9.10/10.00 GB
Processing: CC-MAIN-20250126135402-20250126165402-00060.warc.wet (275.70 MB)
20/05/2025 01:05:30.178 - [INFO] - Thread CPU time negative, taking previous time + 1 : 950416232 for thread: 132
20/05/2025 01:05:34.349 - [INFO] - Thread CPU time negative, taking previous time + 1 : 9425295503 for thread: 131
20/05/2025 01:05:34.349 - [INFO] - Thread CPU time negative, taking previous time + 1 : 1110140367 for thread: 133
20/05/2025 01:05:37.469 - [INFO] - Thread CPU time negative, taking previous time + 1 : 828730478 for thread: 134
Cumulative: 9.37/10.00 GB
Processing: CC-MAIN-20250126135402-20250126165402-00048.warc.wet (275.59 MB)
20/05/2025 01:05:41.638 - [INFO] - Thread CPU time negative, taking previous time + 1 : 1162542694 for thread: 135
20/05/2025 01:05:45.805 - [INFO] - Thread CPU time negative, taking previous time + 1 : 1163696870 for thread: 136
20/05/2025 01:05:48.932 - [INFO] - Thread CPU time negative, taking previous time + 1 : 876567771 for thread: 137
Cumulative: 9.64/10.00 GB
Processing: CC-MAIN-20250126135402-20250126165402-00008.warc.wet (276.63 MB)
20/05/2025 01:05:53.095 - [INFO] - Thread CPU time negative, taking previous time + 1 : 1250806993 for thread: 138
20/05/2025 01:05:57.252 - [INFO] - Thread CPU time negative, taking previous time + 1 : 1211672968 for thread: 139
Cumulative: 9.91/10.00 GB
Next file would exceed limit, but processing it anyway...
Processing: CC-MAIN-20250126135402-20250126165402-00021.warc.wet (279.38 MB)
20/05/2025 01:06:00.376 - [INFO] - Thread CPU time negative, taking previous time + 1 : 864807693 for thread: 140
20/05/2025 01:06:04.543 - [INFO] - Thread CPU time negative, taking previous time + 1 : 817983344 for thread: 141
Cumulative: 10.18/10.00 GB
20/05/2025 01:06:12.885 - [INFO] - Thread CPU time negative, taking previous time + 1 : 1024927266 for thread: 143
20/05/2025 01:06:17.041 - [INFO] - Thread CPU time negative, taking previous time + 1 : 9467986172 for thread: 142
Indexing completed for 38 files (10.18 GB input) in 403295 ms.
Final size: 10.18 GB (0.18 GB over limit)
Benchmark for dataset: CommonCrawl-2025-05
Indexing Time In MS: 403295
Index Size In MB: 3603
0 SHORT
0 INT
20/05/2025 01:06:18.099 - [INFO] - Thread CPU time negative, taking previous time + 1 : 393033540663 for thread: 1
20/05/2025 01:06:18.111 - [INFO] - JoularJX finished monitoring application with ID 70534
20/05/2025 01:06:18.111 - [INFO] - Program consumed 66869.87 joules
20/05/2025 01:06:18.129 - [INFO] - Energy consumption of methods and filtered methods written to files
