WARNING: Using incubator modules: jdk.incubator.vector
20/05/2025 12:12:16.393 - [INFO] - Could not locate config.properties, will use default values
20/05/2025 12:12:16.394 - [INFO] - +---------------------------------+
20/05/2025 12:12:16.394 - [INFO] - | JoularJX Agent Version 3.0.1    |
20/05/2025 12:12:16.394 - [INFO] - +---------------------------------+
20/05/2025 12:12:16.401 - [INFO] - Results will be stored in joularjx-result/68906-1747692736400/
20/05/2025 12:12:16.406 - [INFO] - Initializing for platform: 'linux' running on architecture: 'amd64'
20/05/2025 12:12:16.412 - [INFO] - Please wait while initializing JoularJX...
20/05/2025 12:12:17.422 - [INFO] - Initialization finished
20/05/2025 12:12:17.422 - [INFO] - Started monitoring application with ID 68906
Benchmarking dataset: COMMONCRAWL_2025. Current queryset: TRECMILLION. Using integer compression algorithm: DEFAULT And using term compression algorithm: ZSTD
Index directory and all files deleted.
WARNING: A restricted method in java.lang.foreign.Linker has been called
WARNING: java.lang.foreign.Linker::downcallHandle has been called by the unnamed module
WARNING: Use --enable-native-access=ALL-UNNAMED to avoid a warning for this module

May 20, 2025 12:12:17 AM org.apache.lucene.internal.vectorization.PanamaVectorizationProvider <init>
INFO: Java vector incubator API enabled; uses preferredBitSize=512; FMA enabled
Processing: CC-MAIN-20250126135402-20250126165402-00039.warc.wet (272.55 MB)
20/05/2025 12:12:25.769 - [INFO] - Thread CPU time negative, taking previous time + 1 : 1050065537 for thread: 43
Cumulative: 0.27/10.00 GB
Processing: CC-MAIN-20250126135402-20250126165402-00029.warc.wet (269.84 MB)
20/05/2025 12:12:30.987 - [INFO] - Thread CPU time negative, taking previous time + 1 : 1571523710 for thread: 44
20/05/2025 12:12:35.161 - [INFO] - Thread CPU time negative, taking previous time + 1 : 1286368398 for thread: 45
20/05/2025 12:12:39.332 - [INFO] - Thread CPU time negative, taking previous time + 1 : 980750358 for thread: 46
Cumulative: 0.53/10.00 GB
Processing: CC-MAIN-20250126135402-20250126165402-00034.warc.wet (275.63 MB)
20/05/2025 12:12:43.507 - [INFO] - Thread CPU time negative, taking previous time + 1 : 778851755 for thread: 47
20/05/2025 12:12:48.719 - [INFO] - Thread CPU time negative, taking previous time + 1 : 1257647404 for thread: 48
Cumulative: 0.80/10.00 GB
Processing: CC-MAIN-20250126135402-20250126165402-00001.warc.wet (277.35 MB)
20/05/2025 12:12:52.892 - [INFO] - Thread CPU time negative, taking previous time + 1 : 1037351614 for thread: 49
20/05/2025 12:12:57.065 - [INFO] - Thread CPU time negative, taking previous time + 1 : 989420277 for thread: 50
20/05/2025 12:13:01.220 - [INFO] - Thread CPU time negative, taking previous time + 1 : 799156062 for thread: 51
Cumulative: 1.07/10.00 GB
Processing: CC-MAIN-20250126135402-20250126165402-00040.warc.wet (279.27 MB)
20/05/2025 12:13:05.395 - [INFO] - Thread CPU time negative, taking previous time + 1 : 578909702 for thread: 52
20/05/2025 12:13:10.613 - [INFO] - Thread CPU time negative, taking previous time + 1 : 1413305245 for thread: 53
Cumulative: 1.34/10.00 GB
Processing: CC-MAIN-20250126135402-20250126165402-00061.warc.wet (274.73 MB)
20/05/2025 12:13:13.736 - [INFO] - Thread CPU time negative, taking previous time + 1 : 551335283 for thread: 54
20/05/2025 12:13:17.903 - [INFO] - Thread CPU time negative, taking previous time + 1 : 787249312 for thread: 55
Cumulative: 1.61/10.00 GB
Processing: CC-MAIN-20250126135402-20250126165402-00011.warc.wet (265.71 MB)
20/05/2025 12:13:26.267 - [INFO] - Thread CPU time negative, taking previous time + 1 : 735118091 for thread: 57
20/05/2025 12:13:30.441 - [INFO] - Thread CPU time negative, taking previous time + 1 : 709447478 for thread: 58
20/05/2025 12:13:31.485 - [INFO] - Thread CPU time negative, taking previous time + 1 : 10357346762 for thread: 56
Cumulative: 1.87/10.00 GB
Processing: CC-MAIN-20250126135402-20250126165402-00062.warc.wet (280.73 MB)
20/05/2025 12:13:34.608 - [INFO] - Thread CPU time negative, taking previous time + 1 : 1282916779 for thread: 59
20/05/2025 12:13:38.781 - [INFO] - Thread CPU time negative, taking previous time + 1 : 1522055667 for thread: 60
20/05/2025 12:13:41.908 - [INFO] - Thread CPU time negative, taking previous time + 1 : 727372597 for thread: 61
Cumulative: 2.14/10.00 GB
Processing: CC-MAIN-20250126135402-20250126165402-00010.warc.wet (273.96 MB)
20/05/2025 12:13:46.067 - [INFO] - Thread CPU time negative, taking previous time + 1 : 860655247 for thread: 62
20/05/2025 12:13:50.220 - [INFO] - Thread CPU time negative, taking previous time + 1 : 1064964145 for thread: 63
20/05/2025 12:13:54.383 - [INFO] - Thread CPU time negative, taking previous time + 1 : 883251252 for thread: 64
Cumulative: 2.41/10.00 GB
Processing: CC-MAIN-20250126135402-20250126165402-00064.warc.wet (281.21 MB)
20/05/2025 12:13:58.542 - [INFO] - Thread CPU time negative, taking previous time + 1 : 1079293649 for thread: 65
20/05/2025 12:14:06.898 - [INFO] - Thread CPU time negative, taking previous time + 1 : 1382753756 for thread: 67
Cumulative: 2.69/10.00 GB
Processing: CC-MAIN-20250126135402-20250126165402-00026.warc.wet (282.85 MB)
20/05/2025 12:14:11.091 - [INFO] - Thread CPU time negative, taking previous time + 1 : 10018461427 for thread: 66
20/05/2025 12:14:11.091 - [INFO] - Thread CPU time negative, taking previous time + 1 : 956249723 for thread: 68
20/05/2025 12:14:15.262 - [INFO] - Thread CPU time negative, taking previous time + 1 : 1523527554 for thread: 69
20/05/2025 12:14:18.392 - [INFO] - Thread CPU time negative, taking previous time + 1 : 679825244 for thread: 70
Cumulative: 2.96/10.00 GB
Processing: CC-MAIN-20250126135402-20250126165402-00015.warc.wet (264.88 MB)
20/05/2025 12:14:22.560 - [INFO] - Thread CPU time negative, taking previous time + 1 : 881414064 for thread: 71
20/05/2025 12:14:26.733 - [INFO] - Thread CPU time negative, taking previous time + 1 : 1082266443 for thread: 72
Cumulative: 3.22/10.00 GB
Processing: CC-MAIN-20250126135402-20250126165402-00006.warc.wet (271.73 MB)
20/05/2025 12:14:30.902 - [INFO] - Thread CPU time negative, taking previous time + 1 : 1269029658 for thread: 73
20/05/2025 12:14:35.073 - [INFO] - Thread CPU time negative, taking previous time + 1 : 1524800394 for thread: 74
20/05/2025 12:14:38.203 - [INFO] - Thread CPU time negative, taking previous time + 1 : 711206289 for thread: 75
Cumulative: 3.49/10.00 GB
Processing: CC-MAIN-20250126135402-20250126165402-00017.warc.wet (271.90 MB)
20/05/2025 12:14:42.373 - [INFO] - Thread CPU time negative, taking previous time + 1 : 980618893 for thread: 76
Cumulative: 3.75/10.00 GB
Processing: CC-MAIN-20250126135402-20250126165402-00041.warc.wet (272.16 MB)
20/05/2025 12:14:50.741 - [INFO] - Thread CPU time negative, taking previous time + 1 : 873006130 for thread: 78
20/05/2025 12:14:54.928 - [INFO] - Thread CPU time negative, taking previous time + 1 : 922151215 for thread: 79
20/05/2025 12:14:55.968 - [INFO] - Thread CPU time negative, taking previous time + 1 : 10527319336 for thread: 77
20/05/2025 12:14:59.095 - [INFO] - Thread CPU time negative, taking previous time + 1 : 1487630140 for thread: 80
Cumulative: 4.02/10.00 GB
Processing: CC-MAIN-20250126135402-20250126165402-00020.warc.wet (279.35 MB)
20/05/2025 12:15:02.225 - [INFO] - Thread CPU time negative, taking previous time + 1 : 627362335 for thread: 81
20/05/2025 12:15:06.387 - [INFO] - Thread CPU time negative, taking previous time + 1 : 761937761 for thread: 82
20/05/2025 12:15:11.596 - [INFO] - Thread CPU time negative, taking previous time + 1 : 1531750508 for thread: 83
Cumulative: 4.29/10.00 GB
Processing: CC-MAIN-20250126135402-20250126165402-00052.warc.wet (271.64 MB)
20/05/2025 12:15:14.724 - [INFO] - Thread CPU time negative, taking previous time + 1 : 669247711 for thread: 84
20/05/2025 12:15:18.887 - [INFO] - Thread CPU time negative, taking previous time + 1 : 763801752 for thread: 85
20/05/2025 12:15:23.052 - [INFO] - Thread CPU time negative, taking previous time + 1 : 975018046 for thread: 86
Cumulative: 4.56/10.00 GB
Processing: CC-MAIN-20250126135402-20250126165402-00028.warc.wet (269.44 MB)
20/05/2025 12:15:27.226 - [INFO] - Thread CPU time negative, taking previous time + 1 : 1150363520 for thread: 87
Cumulative: 4.82/10.00 GB
Processing: CC-MAIN-20250126135402-20250126165402-00065.warc.wet (275.91 MB)
20/05/2025 12:15:35.583 - [INFO] - Thread CPU time negative, taking previous time + 1 : 990754769 for thread: 89
20/05/2025 12:15:39.755 - [INFO] - Thread CPU time negative, taking previous time + 1 : 1019364332 for thread: 90
20/05/2025 12:15:40.793 - [INFO] - Thread CPU time negative, taking previous time + 1 : 10680929918 for thread: 88
20/05/2025 12:15:43.913 - [INFO] - Thread CPU time negative, taking previous time + 1 : 1594931387 for thread: 91
Cumulative: 5.09/10.00 GB
Processing: CC-MAIN-20250126135402-20250126165402-00054.warc.wet (276.84 MB)
20/05/2025 12:15:47.035 - [INFO] - Thread CPU time negative, taking previous time + 1 : 734946015 for thread: 92
20/05/2025 12:15:51.203 - [INFO] - Thread CPU time negative, taking previous time + 1 : 945855494 for thread: 93
20/05/2025 12:15:55.368 - [INFO] - Thread CPU time negative, taking previous time + 1 : 1037511730 for thread: 94
Cumulative: 5.36/10.00 GB
Processing: CC-MAIN-20250126135402-20250126165402-00066.warc.wet (269.49 MB)
20/05/2025 12:15:59.525 - [INFO] - Thread CPU time negative, taking previous time + 1 : 1179287081 for thread: 95
20/05/2025 12:16:03.685 - [INFO] - Thread CPU time negative, taking previous time + 1 : 1370887078 for thread: 96
Cumulative: 5.62/10.00 GB
Processing: CC-MAIN-20250126135402-20250126165402-00044.warc.wet (269.25 MB)
20/05/2025 12:16:07.841 - [INFO] - Thread CPU time negative, taking previous time + 1 : 1486535300 for thread: 97
20/05/2025 12:16:11.997 - [INFO] - Thread CPU time negative, taking previous time + 1 : 1281336648 for thread: 98
Cumulative: 5.89/10.00 GB
Processing: CC-MAIN-20250126135402-20250126165402-00036.warc.wet (275.01 MB)
20/05/2025 12:16:20.358 - [INFO] - Thread CPU time negative, taking previous time + 1 : 1213321153 for thread: 100
20/05/2025 12:16:24.548 - [INFO] - Thread CPU time negative, taking previous time + 1 : 1189734929 for thread: 101
20/05/2025 12:16:25.590 - [INFO] - Thread CPU time negative, taking previous time + 1 : 10841314304 for thread: 99
20/05/2025 12:16:27.678 - [INFO] - Thread CPU time negative, taking previous time + 1 : 694606898 for thread: 102
Cumulative: 6.15/10.00 GB
Processing: CC-MAIN-20250126135402-20250126165402-00057.warc.wet (279.83 MB)
20/05/2025 12:16:31.848 - [INFO] - Thread CPU time negative, taking previous time + 1 : 943664900 for thread: 103
20/05/2025 12:16:36.008 - [INFO] - Thread CPU time negative, taking previous time + 1 : 1178120891 for thread: 104
Cumulative: 6.43/10.00 GB
Processing: CC-MAIN-20250126135402-20250126165402-00023.warc.wet (277.97 MB)
20/05/2025 12:16:40.177 - [INFO] - Thread CPU time negative, taking previous time + 1 : 1374637809 for thread: 105
20/05/2025 12:16:44.341 - [INFO] - Thread CPU time negative, taking previous time + 1 : 1591824054 for thread: 106
20/05/2025 12:16:47.464 - [INFO] - Thread CPU time negative, taking previous time + 1 : 788947155 for thread: 107
Cumulative: 6.70/10.00 GB
Processing: CC-MAIN-20250126135402-20250126165402-00042.warc.wet (269.42 MB)
20/05/2025 12:16:51.633 - [INFO] - Thread CPU time negative, taking previous time + 1 : 985630041 for thread: 108
20/05/2025 12:16:55.805 - [INFO] - Thread CPU time negative, taking previous time + 1 : 912768268 for thread: 109
Cumulative: 6.96/10.00 GB
Processing: CC-MAIN-20250126135402-20250126165402-00047.warc.wet (271.69 MB)
20/05/2025 12:17:04.168 - [INFO] - Thread CPU time negative, taking previous time + 1 : 784388604 for thread: 111
20/05/2025 12:17:08.360 - [INFO] - Thread CPU time negative, taking previous time + 1 : 783468085 for thread: 112
20/05/2025 12:17:09.404 - [INFO] - Thread CPU time negative, taking previous time + 1 : 10865417442 for thread: 110
Cumulative: 7.23/10.00 GB
Processing: CC-MAIN-20250126135402-20250126165402-00059.warc.wet (276.90 MB)
20/05/2025 12:17:12.533 - [INFO] - Thread CPU time negative, taking previous time + 1 : 1271681548 for thread: 113
20/05/2025 12:17:16.698 - [INFO] - Thread CPU time negative, taking previous time + 1 : 1481005504 for thread: 114
20/05/2025 12:17:19.815 - [INFO] - Thread CPU time negative, taking previous time + 1 : 695936469 for thread: 115
Cumulative: 7.50/10.00 GB
Processing: CC-MAIN-20250126135402-20250126165402-00031.warc.wet (260.81 MB)
20/05/2025 12:17:23.967 - [INFO] - Thread CPU time negative, taking previous time + 1 : 920359960 for thread: 116
20/05/2025 12:17:28.124 - [INFO] - Thread CPU time negative, taking previous time + 1 : 1186813974 for thread: 117
20/05/2025 12:17:32.281 - [INFO] - Thread CPU time negative, taking previous time + 1 : 1417341372 for thread: 118
Cumulative: 7.75/10.00 GB
Processing: CC-MAIN-20250126135402-20250126165402-00050.warc.wet (276.60 MB)
20/05/2025 12:17:35.396 - [INFO] - Thread CPU time negative, taking previous time + 1 : 563284706 for thread: 119
Cumulative: 8.02/10.00 GB
Processing: CC-MAIN-20250126135402-20250126165402-00016.warc.wet (274.16 MB)
20/05/2025 12:17:44.789 - [INFO] - Thread CPU time negative, taking previous time + 1 : 1461337921 for thread: 121
20/05/2025 12:17:48.969 - [INFO] - Thread CPU time negative, taking previous time + 1 : 1037191672 for thread: 122
20/05/2025 12:17:48.969 - [INFO] - Thread CPU time negative, taking previous time + 1 : 10079784115 for thread: 120
20/05/2025 12:17:52.100 - [INFO] - Thread CPU time negative, taking previous time + 1 : 992953025 for thread: 123
Cumulative: 8.29/10.00 GB
Processing: CC-MAIN-20250126135402-20250126165402-00022.warc.wet (275.89 MB)
20/05/2025 12:17:56.268 - [INFO] - Thread CPU time negative, taking previous time + 1 : 1153374767 for thread: 124
20/05/2025 12:18:00.438 - [INFO] - Thread CPU time negative, taking previous time + 1 : 1397104611 for thread: 125
20/05/2025 12:18:03.566 - [INFO] - Thread CPU time negative, taking previous time + 1 : 600966778 for thread: 126
Cumulative: 8.56/10.00 GB
Processing: CC-MAIN-20250126135402-20250126165402-00024.warc.wet (276.91 MB)
20/05/2025 12:18:08.774 - [INFO] - Thread CPU time negative, taking previous time + 1 : 1414750128 for thread: 127
20/05/2025 12:18:11.888 - [INFO] - Thread CPU time negative, taking previous time + 1 : 608949777 for thread: 128
20/05/2025 12:18:16.044 - [INFO] - Thread CPU time negative, taking previous time + 1 : 802546492 for thread: 129
Cumulative: 8.83/10.00 GB
Processing: CC-MAIN-20250126135402-20250126165402-00000.warc.wet (275.64 MB)
20/05/2025 12:18:20.204 - [INFO] - Thread CPU time negative, taking previous time + 1 : 1064910684 for thread: 130
Cumulative: 9.10/10.00 GB
Processing: CC-MAIN-20250126135402-20250126165402-00060.warc.wet (275.70 MB)
20/05/2025 12:18:28.568 - [INFO] - Thread CPU time negative, taking previous time + 1 : 938161527 for thread: 132
20/05/2025 12:18:32.754 - [INFO] - Thread CPU time negative, taking previous time + 1 : 909467935 for thread: 133
20/05/2025 12:18:33.791 - [INFO] - Thread CPU time negative, taking previous time + 1 : 10611062512 for thread: 131
20/05/2025 12:18:36.918 - [INFO] - Thread CPU time negative, taking previous time + 1 : 1477293500 for thread: 134
Cumulative: 9.37/10.00 GB
Processing: CC-MAIN-20250126135402-20250126165402-00048.warc.wet (275.59 MB)
20/05/2025 12:18:40.042 - [INFO] - Thread CPU time negative, taking previous time + 1 : 633710006 for thread: 135
20/05/2025 12:18:45.239 - [INFO] - Thread CPU time negative, taking previous time + 1 : 1511358186 for thread: 136
20/05/2025 12:18:48.367 - [INFO] - Thread CPU time negative, taking previous time + 1 : 1092504662 for thread: 137
Cumulative: 9.64/10.00 GB
Processing: CC-MAIN-20250126135402-20250126165402-00008.warc.wet (276.63 MB)
20/05/2025 12:18:52.533 - [INFO] - Thread CPU time negative, taking previous time + 1 : 1341259711 for thread: 138
20/05/2025 12:18:56.695 - [INFO] - Thread CPU time negative, taking previous time + 1 : 1135326845 for thread: 139
20/05/2025 12:18:59.809 - [INFO] - Thread CPU time negative, taking previous time + 1 : 685061126 for thread: 140
Cumulative: 9.91/10.00 GB
Next file would exceed limit, but processing it anyway...
Processing: CC-MAIN-20250126135402-20250126165402-00021.warc.wet (279.38 MB)
20/05/2025 12:19:04.999 - [INFO] - Thread CPU time negative, taking previous time + 1 : 1532500106 for thread: 141
Cumulative: 10.18/10.00 GB
20/05/2025 12:19:13.334 - [INFO] - Thread CPU time negative, taking previous time + 1 : 1439537308 for thread: 143
20/05/2025 12:19:17.501 - [INFO] - Thread CPU time negative, taking previous time + 1 : 10047118940 for thread: 142
Indexing completed for 38 files (10.18 GB input) in 420112 ms.
Final size: 10.18 GB (0.18 GB over limit)
Benchmark for dataset: CommonCrawl-2025-05
Indexing Time In MS: 420112
Index Size In MB: 3510
0 SHORT
0 INT
20/05/2025 12:19:18.555 - [INFO] - Thread CPU time negative, taking previous time + 1 : 408546352017 for thread: 1
20/05/2025 12:19:18.567 - [INFO] - JoularJX finished monitoring application with ID 68906
20/05/2025 12:19:18.567 - [INFO] - Program consumed 70319.19 joules
20/05/2025 12:19:18.588 - [INFO] - Energy consumption of methods and filtered methods written to files
